#
# A fatal error has been detected by the Java Runtime Environment:
#
#  EXCEPTION_ACCESS_VIOLATION (0xc0000005) at pc=0x00007ff950bda3d1, pid=1444, tid=14992
#
# JRE version: Java(TM) SE Runtime Environment (15.0.2+7) (build 15.0.2+7-27)
# Java VM: Java HotSpot(TM) 64-Bit Server VM (15.0.2+7-27, mixed mode, sharing, tiered, compressed oops, g1 gc, windows-amd64)
# Problematic frame:
# V  [jvm.dll+0x3aa3d1]
#
# No core dump will be written. Minidumps are not enabled by default on client versions of Windows
#
# If you would like to submit a bug report, please visit:
#   https://bugreport.java.com/bugreport/crash.jsp
#

---------------  S U M M A R Y ------------

Command Line: -Dfile.encoding=UTF-8 simrskhanza.SIMRSKhanza

Host: 13th Gen Intel(R) Core(TM) i7-13620H, 16 cores, 31G,  Windows 10 , 64 bit Build 22621 (10.0.22621.3235)
Time: Tue Mar 26 20:46:28 2024 SE Asia Standard Time elapsed time: 44.333182 seconds (0d 0h 0m 44s)

---------------  T H R E A D  ---------------

Current thread (0x0000028a14b1ec00):  JavaThread "JavaFX Application Thread" [_thread_in_vm, id=14992, stack(0x0000008cbcc00000,0x0000008cbcd00000)]

Stack: [0x0000008cbcc00000,0x0000008cbcd00000],  sp=0x0000008cbccfe1c0,  free space=1016k
Native frames: (J=compiled Java code, j=interpreted, Vv=VM code, C=native code)
V  [jvm.dll+0x3aa3d1]
C  0x00007ff94809b1b0

Java frames: (J=compiled Java code, j=interpreted, Vv=VM code)
j  com.sun.webkit.WebPage.twkCreatePage(Z)J+0
j  com.sun.webkit.WebPage.<init>(Lcom/sun/webkit/WebPageClient;Lcom/sun/webkit/UIClient;Lcom/sun/webkit/PolicyClient;Lcom/sun/webkit/InspectorClient;Lcom/sun/webkit/ThemeClient;Z)V+177
j  javafx.scene.web.WebEngine.<init>(Ljava/lang/String;Z)V+270
j  javafx.scene.web.WebEngine.<init>()V+3
j  javafx.scene.web.WebView.<init>()V+60
j  bridging.INACBGHybrid$3.run()V+4
j  com.sun.javafx.application.PlatformImpl.lambda$runLater$10(Ljava/lang/Runnable;)Ljava/lang/Void;+1
j  com.sun.javafx.application.PlatformImpl$$Lambda$321+0x00000008010716f8.run()Ljava/lang/Object;+4
J 5865 c2 java.security.AccessController.doPrivileged(Ljava/security/PrivilegedAction;Ljava/security/AccessControlContext;)Ljava/lang/Object; java.base@15.0.2 (17 bytes) @ 0x0000028a737b9978 [0x0000028a737b9920+0x0000000000000058]
j  com.sun.javafx.application.PlatformImpl.lambda$runLater$11(Ljava/lang/Runnable;Ljava/security/AccessControlContext;)V+7
j  com.sun.javafx.application.PlatformImpl$$Lambda$320+0x00000008010712a8.run()V+8
j  com.sun.glass.ui.InvokeLaterDispatcher$Future.run()V+4
v  ~StubRoutines::call_stub
j  com.sun.glass.ui.win.WinApplication._runLoop(Ljava/lang/Runnable;)V+0
j  com.sun.glass.ui.win.WinApplication.lambda$runLoop$3(ILjava/lang/Runnable;)V+8
j  com.sun.glass.ui.win.WinApplication$$Lambda$307+0x0000000801044488.run()V+12
j  java.lang.Thread.run()V+11 java.base@15.0.2
v  ~StubRoutines::call_stub

siginfo: EXCEPTION_ACCESS_VIOLATION (0xc0000005), reading address 0x0000000000000000


Register to memory mapping:

RIP=0x00007ff950bda3d1 jvm.dll
RAX=0x0 is NULL
RBX=0x0000028a14b1ec00 is a thread
RCX=0x8e1d537069150000 is an unknown value
RDX=0x0000028a1244c318 is a global jni handle
RSP=0x0000008cbccfe1c0 is pointing into the stack for thread: 0x0000028a14b1ec00
RBP=0x0000008cbccfe2b8 is pointing into the stack for thread: 0x0000028a14b1ec00
RSI=0x0000028a14b1ef28 points into unknown readable memory: 0x00007ff95122de40 | 40 de 22 51 f9 7f 00 00
RDI=0x0000028a1244c318 is a global jni handle
R8 =0x0 is NULL
R9 =0x0000008cbccfe2b8 is pointing into the stack for thread: 0x0000028a14b1ec00
R10=0x00007ff950bda310 jvm.dll
R11=0x0000008cbccfe1b8 is pointing into the stack for thread: 0x0000028a14b1ec00
R12=0x0 is NULL
R13=0x0 is NULL
R14=0x0 is NULL
R15=0x0000028a192309e0 points into unknown readable memory: 0x00007ff94989b728 | 28 b7 89 49 f9 7f 00 00


Registers:
RAX=0x0000000000000000, RBX=0x0000028a14b1ec00, RCX=0x8e1d537069150000, RDX=0x0000028a1244c318
RSP=0x0000008cbccfe1c0, RBP=0x0000008cbccfe2b8, RSI=0x0000028a14b1ef28, RDI=0x0000028a1244c318
R8 =0x0000000000000000, R9 =0x0000008cbccfe2b8, R10=0x00007ff950bda310, R11=0x0000008cbccfe1b8
R12=0x0000000000000000, R13=0x0000000000000000, R14=0x0000000000000000, R15=0x0000028a192309e0
RIP=0x00007ff950bda3d1, EFLAGS=0x0000000000010202

Top of Stack: (sp=0x0000008cbccfe1c0)
0x0000008cbccfe1c0:   0000028a14b1ec00 0000028a14b1ef28
0x0000008cbccfe1d0:   0000000000000000 0000028a1508f020
0x0000008cbccfe1e0:   0000000000000000 00007ff9c3c640b8
0x0000008cbccfe1f0:   00008e91efbf8945 0000000000000000
0x0000008cbccfe200:   0000028a192309e0 0000028a1244c318
0x0000008cbccfe210:   0000028a14b1ec00 0000028a199b6100
0x0000008cbccfe220:   0000028a00000493 00007ff9510caaa0
0x0000008cbccfe230:   0000028a14b1ec00 00007ff950bd266a
0x0000008cbccfe240:   00007ff94b5eab38 00007ff949895a10
0x0000008cbccfe250:   0000028a00000002 00007ff900000002
0x0000008cbccfe260:   00007ff94b84d238 00007ff94809b1b0
0x0000008cbccfe270:   0000028a180887f8 00007ff94b7fd7f0
0x0000008cbccfe280:   0000028a1508f020 0000028a14b1ef28
0x0000008cbccfe290:   0000028a14b1ef28 00007ff9496e6725
0x0000008cbccfe2a0:   0000028a180887f8 00007ff94b7fd7f0
0x0000008cbccfe2b0:   0000000000000000 0000000000000018 

Instructions: (pc=0x00007ff950bda3d1)
0x00007ff950bda2d1:   00 00 48 8b bc 24 c0 00 00 00 c0 e8 03 a8 01 74
0x00007ff950bda2e1:   08 48 8b cb e8 a6 29 2e 00 0f 28 c6 c7 83 98 03
0x00007ff950bda2f1:   00 00 04 00 00 00 0f 28 b4 24 b0 00 00 00 48 81
0x00007ff950bda301:   c4 d0 00 00 00 5b c3 cc cc cc cc cc cc cc cc 48
0x00007ff950bda311:   89 5c 24 08 48 89 6c 24 10 48 89 74 24 18 48 89
0x00007ff950bda321:   7c 24 20 41 56 48 81 ec a0 00 00 00 8b 81 88 00
0x00007ff950bda331:   00 00 48 8d 99 d8 fc ff ff 05 55 21 ff ff 49 8b
0x00007ff950bda341:   e9 4d 8b f0 48 8b fa 48 8b f1 83 f8 01 76 0a 48
0x00007ff950bda351:   8b cb e8 28 33 39 00 33 db c7 83 98 03 00 00 05
0x00007ff950bda361:   00 00 00 e8 c7 26 27 00 48 8b 03 48 8b cb ff 50
0x00007ff950bda371:   38 84 c0 74 0e 48 8b 83 10 01 00 00 c0 e8 03 24
0x00007ff950bda381:   01 eb 0b 8b 05 86 23 6f 00 85 c0 0f 95 c0 84 c0
0x00007ff950bda391:   75 0d 8b 83 e0 00 00 00 a9 04 00 00 20 74 08 48
0x00007ff950bda3a1:   8b cb e8 58 39 39 00 c7 83 98 03 00 00 06 00 00
0x00007ff950bda3b1:   00 48 83 7b 08 00 48 89 5c 24 50 48 c7 44 24 58
0x00007ff950bda3c1:   00 00 00 00 74 0a 48 8d 4c 24 50 e8 1f c5 2a 00
0x00007ff950bda3d1:   49 8b 16 48 8d 4c 24 70 c7 44 24 40 04 00 00 00
0x00007ff950bda3e1:   e8 ea cf 00 00 48 89 ac 24 98 00 00 00 48 8d 05
0x00007ff950bda3f1:   33 07 4f 00 48 89 44 24 70 40 f6 c7 01 74 0c 48
0x00007ff950bda401:   8d 4f ff ff 15 9e 13 65 00 eb 09 48 8b cf ff 15
0x00007ff950bda411:   f3 9b 64 00 8b 15 85 9c 6d 00 48 8b c8 e8 ed d0
0x00007ff950bda421:   26 00 48 8b d3 48 8b c8 4c 8b 00 41 ff 90 b0 00
0x00007ff950bda431:   00 00 48 83 7b 08 00 75 35 48 8d 44 24 70 48 89
0x00007ff950bda441:   5c 24 30 48 89 44 24 28 48 8d 54 24 40 45 33 c9
0x00007ff950bda451:   4c 89 74 24 20 45 33 c0 48 8b ce e8 3f e4 00 00
0x00007ff950bda461:   48 83 7b 08 00 75 07 0f b6 74 24 48 eb 03 40 32
0x00007ff950bda471:   f6 48 83 7c 24 58 00 74 0a 48 8d 4c 24 50 e8 0c
0x00007ff950bda481:   c5 2a 00 48 8b bb f8 00 00 00 48 8b 4f 10 48 83
0x00007ff950bda491:   39 00 74 0c 48 8b cf e8 d3 a0 f6 ff 48 8b 4f 10
0x00007ff950bda4a1:   48 8b 47 08 48 89 48 10 48 8b 4f 08 48 8b 47 18
0x00007ff950bda4b1:   48 89 41 18 48 8b 4f 08 48 8b 47 20 48 89 41 20
0x00007ff950bda4c1:   c7 83 98 03 00 00 07 00 00 00 e8 60 25 27 00 48 


Stack slot to memory mapping:
stack at sp + 0 slots: 0x0000028a14b1ec00 is a thread
stack at sp + 1 slots: 0x0000028a14b1ef28 points into unknown readable memory: 0x00007ff95122de40 | 40 de 22 51 f9 7f 00 00
stack at sp + 2 slots: 0x0 is NULL
stack at sp + 3 slots: 0x0000028a1508f020 points into unknown readable memory: 0x004e003b0049004f | 4f 00 49 00 3b 00 4e 00
stack at sp + 4 slots: 0x0 is NULL
stack at sp + 5 slots: 0x00007ff9c3c640b8 ucrtbase.dll
stack at sp + 6 slots: 0x00008e91efbf8945 is an unknown value
stack at sp + 7 slots: 0x0 is NULL


---------------  P R O C E S S  ---------------

Threads class SMR info:
_java_thread_list=0x0000028a12c1ab50, length=25, elements={
0x0000028a7edfbc50, 0x0000028a7edfe040, 0x0000028a7ee1c560, 0x0000028a7ee1d010,
0x0000028a7ee1dac0, 0x0000028a7ee1e950, 0x0000028a7ee1f4f0, 0x0000028a7ee207c0,
0x0000028a7fc4e1e0, 0x0000028a7fc56e80, 0x0000028a12a04f10, 0x0000028a12db6cc0,
0x0000028a12db77b0, 0x0000028a125be520, 0x0000028a12753f70, 0x0000028a63757470,
0x0000028a132caa70, 0x0000028a14b20410, 0x0000028a14b1ff40, 0x0000028a14b20db0,
0x0000028a14b1ec00, 0x0000028a14b208e0, 0x0000028a154ceb50, 0x0000028a14b21280,
0x0000028a154cf060
}

Java Threads: ( => current thread )
  0x0000028a7edfbc50 JavaThread "Reference Handler" daemon [_thread_blocked, id=22348, stack(0x0000008cb9d00000,0x0000008cb9e00000)]
  0x0000028a7edfe040 JavaThread "Finalizer" daemon [_thread_blocked, id=10908, stack(0x0000008cb9e00000,0x0000008cb9f00000)]
  0x0000028a7ee1c560 JavaThread "Signal Dispatcher" daemon [_thread_blocked, id=18264, stack(0x0000008cb9f00000,0x0000008cba000000)]
  0x0000028a7ee1d010 JavaThread "Attach Listener" daemon [_thread_blocked, id=3008, stack(0x0000008cba000000,0x0000008cba100000)]
  0x0000028a7ee1dac0 JavaThread "Service Thread" daemon [_thread_blocked, id=1764, stack(0x0000008cba100000,0x0000008cba200000)]
  0x0000028a7ee1e950 JavaThread "C2 CompilerThread0" daemon [_thread_blocked, id=14244, stack(0x0000008cba200000,0x0000008cba300000)]
  0x0000028a7ee1f4f0 JavaThread "C1 CompilerThread0" daemon [_thread_blocked, id=20024, stack(0x0000008cba300000,0x0000008cba400000)]
  0x0000028a7ee207c0 JavaThread "Sweeper thread" daemon [_thread_blocked, id=1652, stack(0x0000008cba400000,0x0000008cba500000)]
  0x0000028a7fc4e1e0 JavaThread "Notification Thread" daemon [_thread_blocked, id=14156, stack(0x0000008cba700000,0x0000008cba800000)]
  0x0000028a7fc56e80 JavaThread "Common-Cleaner" daemon [_thread_blocked, id=6092, stack(0x0000008cba900000,0x0000008cbaa00000)]
  0x0000028a12a04f10 JavaThread "Java2D Disposer" daemon [_thread_blocked, id=15184, stack(0x0000008cbb700000,0x0000008cbb800000)]
  0x0000028a12db6cc0 JavaThread "AWT-Shutdown" [_thread_blocked, id=21048, stack(0x0000008cbb800000,0x0000008cbb900000)]
  0x0000028a12db77b0 JavaThread "AWT-Windows" daemon [_thread_blocked, id=3520, stack(0x0000008cbb900000,0x0000008cbba00000)]
  0x0000028a125be520 JavaThread "AWT-EventQueue-0" [_thread_blocked, id=21120, stack(0x0000008cbbb00000,0x0000008cbbc00000)]
  0x0000028a12753f70 JavaThread "Swing-Shell" daemon [_thread_blocked, id=1756, stack(0x0000008cbbc00000,0x0000008cbbd00000)]
  0x0000028a63757470 JavaThread "DestroyJavaVM" [_thread_blocked, id=11700, stack(0x0000008cb9600000,0x0000008cb9700000)]
  0x0000028a132caa70 JavaThread "Abandoned connection cleanup thread" daemon [_thread_blocked, id=5856, stack(0x0000008cbc200000,0x0000008cbc300000)]
  0x0000028a14b20410 JavaThread "TimerQueue" daemon [_thread_blocked, id=21580, stack(0x0000008cbc400000,0x0000008cbc500000)]
  0x0000028a14b1ff40 JavaThread "QuantumRenderer-0" daemon [_thread_blocked, id=9156, stack(0x0000008cbc700000,0x0000008cbc800000)]
  0x0000028a14b20db0 JavaThread "InvokeLaterDispatcher" daemon [_thread_blocked, id=6744, stack(0x0000008cbcb00000,0x0000008cbcc00000)]
=>0x0000028a14b1ec00 JavaThread "JavaFX Application Thread" [_thread_in_vm, id=14992, stack(0x0000008cbcc00000,0x0000008cbcd00000)]
  0x0000028a14b208e0 JavaThread "Thread-2" daemon [_thread_blocked, id=7060, stack(0x0000008cbaa00000,0x0000008cbab00000)]
  0x0000028a154ceb50 JavaThread "C1 CompilerThread1" daemon [_thread_blocked, id=18820, stack(0x0000008cba500000,0x0000008cba600000)]
  0x0000028a14b21280 JavaThread "Image Fetcher 0" daemon [_thread_blocked, id=9436, stack(0x0000008cbbf00000,0x0000008cbc000000)]
  0x0000028a154cf060 JavaThread "C2 CompilerThread1" daemon [_thread_blocked, id=12172, stack(0x0000008cba600000,0x0000008cba700000)]

Other Threads:
  0x0000028a7edf93c0 VMThread "VM Thread" [stack: 0x0000008cb9c00000,0x0000008cb9d00000] [id=8248] _threads_hazard_ptr=0x0000028a12c1ab50
  0x0000028a7fc4eac0 WatcherThread [stack: 0x0000008cba800000,0x0000008cba900000] [id=22668]
  0x0000028a637cf010 GCTaskThread "GC Thread#0" [stack: 0x0000008cb9700000,0x0000008cb9800000] [id=16112]
  0x0000028a7fc46f80 GCTaskThread "GC Thread#1" [stack: 0x0000008cbac00000,0x0000008cbad00000] [id=25432]
  0x0000028a12328e20 GCTaskThread "GC Thread#2" [stack: 0x0000008cbad00000,0x0000008cbae00000] [id=4052]
  0x0000028a12329150 GCTaskThread "GC Thread#3" [stack: 0x0000008cbae00000,0x0000008cbaf00000] [id=19764]
  0x0000028a12329480 GCTaskThread "GC Thread#4" [stack: 0x0000008cbaf00000,0x0000008cbb000000] [id=20964]
  0x0000028a1232bac0 GCTaskThread "GC Thread#5" [stack: 0x0000008cbb000000,0x0000008cbb100000] [id=15620]
  0x0000028a1232a140 GCTaskThread "GC Thread#6" [stack: 0x0000008cbb100000,0x0000008cbb200000] [id=18412]
  0x0000028a1232ae00 GCTaskThread "GC Thread#7" [stack: 0x0000008cbb200000,0x0000008cbb300000] [id=19200]
  0x0000028a123297b0 GCTaskThread "GC Thread#8" [stack: 0x0000008cbb300000,0x0000008cbb400000] [id=14040]
  0x0000028a12328af0 GCTaskThread "GC Thread#9" [stack: 0x0000008cbb400000,0x0000008cbb500000] [id=11724]
  0x0000028a12329ae0 GCTaskThread "GC Thread#10" [stack: 0x0000008cbb500000,0x0000008cbb600000] [id=1736]
  0x0000028a1232a7a0 GCTaskThread "GC Thread#11" [stack: 0x0000008cbb600000,0x0000008cbb700000] [id=12692]
  0x0000028a637dff20 ConcurrentGCThread "G1 Main Marker" [stack: 0x0000008cb9800000,0x0000008cb9900000] [id=14580]
  0x0000028a637e22c0 ConcurrentGCThread "G1 Conc#0" [stack: 0x0000008cb9900000,0x0000008cb9a00000] [id=19776]
  0x0000028a1232c120 ConcurrentGCThread "G1 Conc#1" [stack: 0x0000008cbab00000,0x0000008cbac00000] [id=14920]
  0x0000028a1232b460 ConcurrentGCThread "G1 Conc#2" [stack: 0x0000008cbc100000,0x0000008cbc200000] [id=17624]
  0x0000028a7ecee260 ConcurrentGCThread "G1 Refine#0" [stack: 0x0000008cb9a00000,0x0000008cb9b00000] [id=13764]
  0x0000028a150806a0 ConcurrentGCThread "G1 Refine#1" [stack: 0x0000008cbc500000,0x0000008cbc600000] [id=8108]
  0x0000028a12d69c40 ConcurrentGCThread "G1 Refine#2" [stack: 0x0000008cbd000000,0x0000008cbd100000] [id=21548]
  0x0000028a7eceed70 ConcurrentGCThread "G1 Young RemSet Sampling" [stack: 0x0000008cb9b00000,0x0000008cb9c00000] [id=18092]

Threads with active compile tasks:

VM state: synchronizing (normal execution)

VM Mutex/Monitor currently owned by a thread:  ([mutex/lock_event])
[0x0000028a6148b420] Threads_lock - owner thread: 0x0000028a7edf93c0

Heap address: 0x0000000604800000, size: 8120 MB, Compressed Oops mode: Zero based, Oop shift amount: 3
CDS archive(s) mapped at: [0x0000000800000000-0x0000000800b50000-0x0000000800b50000), size 11862016, SharedBaseAddress: 0x0000000800000000, ArchiveRelocationMode: 0.
Compressed class space mapped at: 0x0000000800b50000-0x0000000840b50000, size: 1073741824
Narrow klass base: 0x0000000800000000, Narrow klass shift: 3, Narrow klass range: 0x100000000

GC Precious Log:
 CPUs: 16 total, 16 available
 Memory: 32471M
 Large Page Support: Disabled
 NUMA Support: Disabled
 Compressed Oops: Enabled (Zero based)
 Heap Region Size: 4M
 Heap Min Capacity: 8M
 Heap Initial Capacity: 508M
 Heap Max Capacity: 8120M
 Pre-touch: Disabled
 Parallel Workers: 13
 Concurrent Workers: 3
 Concurrent Refinement Workers: 13
 Periodic GC: Disabled

Heap:
 garbage-first heap   total 217088K, used 105787K [0x0000000604800000, 0x0000000800000000)
  region size 4096K, 9 young (36864K), 5 survivors (20480K)
 Metaspace       used 45674K, capacity 46010K, committed 46384K, reserved 1089536K
  class space    used 6133K, capacity 6237K, committed 6272K, reserved 1048576K

Heap Regions: E=young(eden), S=young(survivor), O=old, HS=humongous(starts), HC=humongous(continues), CS=collection set, F=free, OA=open archive, CA=closed archive, TAMS=top-at-mark-start (previous, next)
|   0|0x0000000604800000, 0x0000000604c00000, 0x0000000604c00000|100%| O|  |TAMS 0x0000000604c00000, 0x0000000604800000| Untracked 
|   1|0x0000000604c00000, 0x0000000605000000, 0x0000000605000000|100%| O|  |TAMS 0x0000000605000000, 0x0000000604c00000| Untracked 
|   2|0x0000000605000000, 0x0000000605400000, 0x0000000605400000|100%| O|  |TAMS 0x0000000605400000, 0x0000000605000000| Untracked 
|   3|0x0000000605400000, 0x0000000605800000, 0x0000000605800000|100%| O|  |TAMS 0x0000000605800000, 0x0000000605400000| Untracked 
|   4|0x0000000605800000, 0x0000000605c00000, 0x0000000605c00000|100%| O|  |TAMS 0x0000000605c00000, 0x0000000605800000| Untracked 
|   5|0x0000000605c00000, 0x0000000605cf6800, 0x0000000606000000| 24%| O|  |TAMS 0x0000000605cf6800, 0x0000000605c00000| Untracked 
|   6|0x0000000606000000, 0x0000000606400000, 0x0000000606400000|100%| O|  |TAMS 0x0000000606400000, 0x0000000606000000| Untracked 
|   7|0x0000000606400000, 0x0000000606800000, 0x0000000606800000|100%| O|  |TAMS 0x0000000606800000, 0x0000000606400000| Untracked 
|   8|0x0000000606800000, 0x0000000606c00000, 0x0000000606c00000|100%| O|  |TAMS 0x0000000606c00000, 0x0000000606800000| Untracked 
|   9|0x0000000606c00000, 0x0000000607000000, 0x0000000607000000|100%|HS|  |TAMS 0x0000000606c00000, 0x0000000606c00000| Complete 
|  10|0x0000000607000000, 0x0000000607400000, 0x0000000607400000|100%|HC|  |TAMS 0x0000000607000000, 0x0000000607000000| Complete 
|  11|0x0000000607400000, 0x0000000607774600, 0x0000000607800000| 86%| O|  |TAMS 0x0000000607774600, 0x0000000607400000| Untracked 
|  12|0x0000000607800000, 0x0000000607c00000, 0x0000000607c00000|100%|HS|  |TAMS 0x0000000607800000, 0x0000000607800000| Complete 
|  13|0x0000000607c00000, 0x0000000608000000, 0x0000000608000000|100%|HC|  |TAMS 0x0000000607c00000, 0x0000000607c00000| Complete 
|  14|0x0000000608000000, 0x0000000608400000, 0x0000000608400000|100%|HC|  |TAMS 0x0000000608000000, 0x0000000608000000| Complete 
|  15|0x0000000608400000, 0x0000000608400000, 0x0000000608800000|  0%| F|  |TAMS 0x0000000608400000, 0x0000000608400000| Untracked 
|  16|0x0000000608800000, 0x0000000608800000, 0x0000000608c00000|  0%| F|  |TAMS 0x0000000608800000, 0x0000000608800000| Untracked 
|  17|0x0000000608c00000, 0x0000000608c00000, 0x0000000609000000|  0%| F|  |TAMS 0x0000000608c00000, 0x0000000608c00000| Untracked 
|  18|0x0000000609000000, 0x0000000609000000, 0x0000000609400000|  0%| F|  |TAMS 0x0000000609000000, 0x0000000609000000| Untracked 
|  19|0x0000000609400000, 0x0000000609400000, 0x0000000609800000|  0%| F|  |TAMS 0x0000000609400000, 0x0000000609400000| Untracked 
|  20|0x0000000609800000, 0x0000000609800000, 0x0000000609c00000|  0%| F|  |TAMS 0x0000000609800000, 0x0000000609800000| Untracked 
|  21|0x0000000609c00000, 0x0000000609c00000, 0x000000060a000000|  0%| F|  |TAMS 0x0000000609c00000, 0x0000000609c00000| Untracked 
|  22|0x000000060a000000, 0x000000060a000000, 0x000000060a400000|  0%| F|  |TAMS 0x000000060a000000, 0x000000060a000000| Untracked 
|  23|0x000000060a400000, 0x000000060a400000, 0x000000060a800000|  0%| F|  |TAMS 0x000000060a400000, 0x000000060a400000| Untracked 
|  24|0x000000060a800000, 0x000000060a800000, 0x000000060ac00000|  0%| F|  |TAMS 0x000000060a800000, 0x000000060a800000| Untracked 
|  25|0x000000060ac00000, 0x000000060ac00000, 0x000000060b000000|  0%| F|  |TAMS 0x000000060ac00000, 0x000000060ac00000| Untracked 
|  26|0x000000060b000000, 0x000000060b000000, 0x000000060b400000|  0%| F|  |TAMS 0x000000060b000000, 0x000000060b000000| Untracked 
|  27|0x000000060b400000, 0x000000060b400000, 0x000000060b800000|  0%| F|  |TAMS 0x000000060b400000, 0x000000060b400000| Untracked 
|  28|0x000000060b800000, 0x000000060b800000, 0x000000060bc00000|  0%| F|  |TAMS 0x000000060b800000, 0x000000060b800000| Untracked 
|  29|0x000000060bc00000, 0x000000060bc00000, 0x000000060c000000|  0%| F|  |TAMS 0x000000060bc00000, 0x000000060bc00000| Untracked 
|  30|0x000000060c000000, 0x000000060c000000, 0x000000060c400000|  0%| F|  |TAMS 0x000000060c000000, 0x000000060c000000| Untracked 
|  31|0x000000060c400000, 0x000000060c400000, 0x000000060c800000|  0%| F|  |TAMS 0x000000060c400000, 0x000000060c400000| Untracked 
|  32|0x000000060c800000, 0x000000060c800000, 0x000000060cc00000|  0%| F|  |TAMS 0x000000060c800000, 0x000000060c800000| Untracked 
|  33|0x000000060cc00000, 0x000000060cc00000, 0x000000060d000000|  0%| F|  |TAMS 0x000000060cc00000, 0x000000060cc00000| Untracked 
|  34|0x000000060d000000, 0x000000060d000000, 0x000000060d400000|  0%| F|  |TAMS 0x000000060d000000, 0x000000060d000000| Untracked 
|  35|0x000000060d400000, 0x000000060d400000, 0x000000060d800000|  0%| F|  |TAMS 0x000000060d400000, 0x000000060d400000| Untracked 
|  36|0x000000060d800000, 0x000000060d800000, 0x000000060dc00000|  0%| F|  |TAMS 0x000000060d800000, 0x000000060d800000| Untracked 
|  37|0x000000060dc00000, 0x000000060dc00000, 0x000000060e000000|  0%| F|  |TAMS 0x000000060dc00000, 0x000000060dc00000| Untracked 
|  38|0x000000060e000000, 0x000000060e000000, 0x000000060e400000|  0%| F|  |TAMS 0x000000060e000000, 0x000000060e000000| Untracked 
|  39|0x000000060e400000, 0x000000060e400000, 0x000000060e800000|  0%| F|  |TAMS 0x000000060e400000, 0x000000060e400000| Untracked 
|  40|0x000000060e800000, 0x000000060ebcbf80, 0x000000060ec00000| 94%| E|  |TAMS 0x000000060e800000, 0x000000060e800000| Complete 
|  41|0x000000060ec00000, 0x000000060f000000, 0x000000060f000000|100%| S|CS|TAMS 0x000000060ec00000, 0x000000060ec00000| Complete 
|  42|0x000000060f000000, 0x000000060f400000, 0x000000060f400000|100%| S|CS|TAMS 0x000000060f000000, 0x000000060f000000| Complete 
|  43|0x000000060f400000, 0x000000060f800000, 0x000000060f800000|100%| S|CS|TAMS 0x000000060f400000, 0x000000060f400000| Complete 
|  44|0x000000060f800000, 0x000000060fc00000, 0x000000060fc00000|100%| S|CS|TAMS 0x000000060f800000, 0x000000060f800000| Complete 
|  45|0x000000060fc00000, 0x0000000610000000, 0x0000000610000000|100%| S|CS|TAMS 0x000000060fc00000, 0x000000060fc00000| Complete 
|  73|0x0000000616c00000, 0x0000000617000000, 0x0000000617000000|100%| E|CS|TAMS 0x0000000616c00000, 0x0000000616c00000| Complete 
|  74|0x0000000617000000, 0x0000000617400000, 0x0000000617400000|100%| E|CS|TAMS 0x0000000617000000, 0x0000000617000000| Complete 
| 126|0x0000000624000000, 0x0000000624400000, 0x0000000624400000|100%| E|CS|TAMS 0x0000000624000000, 0x0000000624000000| Complete 
|2026|0x00000007ff000000, 0x00000007ff2e3e00, 0x00000007ff400000| 72%| O|  |TAMS 0x00000007ff000000, 0x00000007ff000000| Untracked 
|2027|0x00000007ff400000, 0x00000007ff800000, 0x00000007ff800000|100%| O|  |TAMS 0x00000007ff400000, 0x00000007ff400000| Untracked 
|2028|0x00000007ff800000, 0x00000007ffc00000, 0x00000007ffc00000|100%| O|  |TAMS 0x00000007ff800000, 0x00000007ff800000| Untracked 
|2029|0x00000007ffc00000, 0x0000000800000000, 0x0000000800000000|100%| O|  |TAMS 0x00000007ffc00000, 0x00000007ffc00000| Untracked 

Card table byte_map: [0x0000028a7c1d0000,0x0000028a7d1b0000] _byte_map_base: 0x0000028a791ac000

Marking Bits (Prev, Next): (CMBitMap*) 0x0000028a637cf800, (CMBitMap*) 0x0000028a637cf840
 Prev Bits: [0x0000028a00000000, 0x0000028a07ee0000)
 Next Bits: [0x0000028a07ee0000, 0x0000028a0fdc0000)

Polling page: 0x0000028a61680000

Metaspace:

Usage:
  Non-class:     38.84 MB capacity,    38.62 MB (>99%) used,   182.09 KB ( <1%) free+waste,    49.12 KB ( <1%) overhead. 
      Class:      6.09 MB capacity,     5.99 MB ( 98%) used,    85.53 KB (  1%) free+waste,    18.31 KB ( <1%) overhead. 
       Both:     44.93 MB capacity,    44.60 MB (>99%) used,   267.62 KB ( <1%) free+waste,    67.44 KB ( <1%) overhead. 

Virtual space:
  Non-class space:       40.00 MB reserved,      39.17 MB ( 98%) committed 
      Class space:        1.00 GB reserved,       6.12 MB ( <1%) committed 
             Both:        1.04 GB reserved,      45.30 MB (  4%) committed 

Chunk freelists:
   Non-Class:  339.00 KB
       Class:  3.00 KB
        Both:  342.00 KB

MaxMetaspaceSize: 17179869184.00 GB
CompressedClassSpaceSize: 1.00 GB

CodeHeap 'non-profiled nmethods': size=119168Kb used=3851Kb max_used=3851Kb free=115316Kb
 bounds [0x0000028a73510000, 0x0000028a738e0000, 0x0000028a7a970000]
CodeHeap 'profiled nmethods': size=119104Kb used=11354Kb max_used=11739Kb free=107749Kb
 bounds [0x0000028a6c0c0000, 0x0000028a6cc50000, 0x0000028a73510000]
CodeHeap 'non-nmethods': size=7488Kb used=2073Kb max_used=3220Kb free=5414Kb
 bounds [0x0000028a6b970000, 0x0000028a6bca0000, 0x0000028a6c0c0000]
 total_blobs=6268 nmethods=5410 adapters=767
 compilation: enabled
              stopped_count=0, restarted_count=0
 full_count=0

Compilation events (20 events):
Event: 44.308 Thread 0x0000028a154ceb50 nmethod 6260 0x0000028a738ce890 code [0x0000028a738cea20, 0x0000028a738cead8]
Event: 44.308 Thread 0x0000028a154ceb50 6261       1       java.awt.geom.Rectangle2D$Double::getY (5 bytes)
Event: 44.308 Thread 0x0000028a154ceb50 nmethod 6261 0x0000028a738ceb90 code [0x0000028a738ced20, 0x0000028a738cedd8]
Event: 44.309 Thread 0x0000028a7ee1f4f0 6262       1       java.awt.geom.Rectangle2D$Double::getWidth (5 bytes)
Event: 44.309 Thread 0x0000028a7ee1f4f0 nmethod 6262 0x0000028a738cee90 code [0x0000028a738cf020, 0x0000028a738cf0d8]
Event: 44.309 Thread 0x0000028a154ceb50 6263       1       java.awt.geom.Rectangle2D$Double::getHeight (5 bytes)
Event: 44.309 Thread 0x0000028a154ceb50 nmethod 6263 0x0000028a738cf190 code [0x0000028a738cf320, 0x0000028a738cf3d8]
Event: 44.309 Thread 0x0000028a7ee1e950 nmethod 6221% 0x0000028a738cf490 code [0x0000028a738cf6a0, 0x0000028a738d0e78]
Event: 44.311 Thread 0x0000028a154ceb50 6264       1       sun.awt.geom.Edge::getCurve (5 bytes)
Event: 44.311 Thread 0x0000028a154ceb50 nmethod 6264 0x0000028a738d2490 code [0x0000028a738d2620, 0x0000028a738d26d8]
Event: 44.311 Thread 0x0000028a154ceb50 6265       3       javax.swing.SwingUtilities::getWindowAncestor (31 bytes)
Event: 44.312 Thread 0x0000028a7ee1f4f0 6266       3       java.awt.geom.RoundRectIterator::currentSegment (142 bytes)
Event: 44.312 Thread 0x0000028a154ceb50 nmethod 6265 0x0000028a6c0de190 code [0x0000028a6c0de360, 0x0000028a6c0de8d8]
Event: 44.312 Thread 0x0000028a7ee1f4f0 nmethod 6266 0x0000028a6c2da110 code [0x0000028a6c2da300, 0x0000028a6c2da938]
Event: 44.314 Thread 0x0000028a154cf060 6267       4       java.util.ImmutableCollections$ListN::size (6 bytes)
Event: 44.314 Thread 0x0000028a154ceb50 6268       3       java.io.File::getCanonicalPath (31 bytes)
Event: 44.314 Thread 0x0000028a7ee1f4f0 6269       3       java.io.WinNTFileSystem::canonicalize (372 bytes)
Event: 44.314 Thread 0x0000028a154cf060 nmethod 6267 0x0000028a738d2790 code [0x0000028a738d2900, 0x0000028a738d2978]
Event: 44.314 Thread 0x0000028a154ceb50 nmethod 6268 0x0000028a6c0ddb10 code [0x0000028a6c0ddce0, 0x0000028a6c0ddfb8]
Event: 44.316 Thread 0x0000028a7ee1f4f0 nmethod 6269 0x0000028a6c687410 code [0x0000028a6c687a20, 0x0000028a6c68adb8]

GC Heap History (16 events):
Event: 0.245 GC heap before
{Heap before GC invocations=0 (full 0):
 garbage-first heap   total 520192K, used 20480K [0x0000000604800000, 0x0000000800000000)
  region size 4096K, 6 young (24576K), 0 survivors (0K)
 Metaspace       used 563K, capacity 4480K, committed 4480K, reserved 1056768K
  class space    used 17K, capacity 384K, committed 384K, reserved 1048576K
}
Event: 0.251 GC heap after
{Heap after GC invocations=1 (full 0):
 garbage-first heap   total 520192K, used 12868K [0x0000000604800000, 0x0000000800000000)
  region size 4096K, 1 young (4096K), 1 survivors (4096K)
 Metaspace       used 563K, capacity 4480K, committed 4480K, reserved 1056768K
  class space    used 17K, capacity 384K, committed 384K, reserved 1048576K
}
Event: 0.902 GC heap before
{Heap before GC invocations=1 (full 0):
 garbage-first heap   total 520192K, used 29252K [0x0000000604800000, 0x0000000800000000)
  region size 4096K, 6 young (24576K), 1 survivors (4096K)
 Metaspace       used 13994K, capacity 14164K, committed 14464K, reserved 1062912K
  class space    used 1566K, capacity 1648K, committed 1664K, reserved 1048576K
}
Event: 0.906 GC heap after
{Heap after GC invocations=2 (full 0):
 garbage-first heap   total 520192K, used 20699K [0x0000000604800000, 0x0000000800000000)
  region size 4096K, 1 young (4096K), 1 survivors (4096K)
 Metaspace       used 13994K, capacity 14164K, committed 14464K, reserved 1062912K
  class space    used 1566K, capacity 1648K, committed 1664K, reserved 1048576K
}
Event: 1.307 GC heap before
{Heap before GC invocations=2 (full 0):
 garbage-first heap   total 520192K, used 41179K [0x0000000604800000, 0x0000000800000000)
  region size 4096K, 7 young (28672K), 1 survivors (4096K)
 Metaspace       used 17002K, capacity 17186K, committed 17536K, reserved 1064960K
  class space    used 1824K, capacity 1873K, committed 1920K, reserved 1048576K
}
Event: 1.311 GC heap after
{Heap after GC invocations=3 (full 0):
 garbage-first heap   total 520192K, used 24016K [0x0000000604800000, 0x0000000800000000)
  region size 4096K, 1 young (4096K), 1 survivors (4096K)
 Metaspace       used 17002K, capacity 17186K, committed 17536K, reserved 1064960K
  class space    used 1824K, capacity 1873K, committed 1920K, reserved 1048576K
}
Event: 1.719 GC heap before
{Heap before GC invocations=3 (full 0):
 garbage-first heap   total 520192K, used 36304K [0x0000000604800000, 0x0000000800000000)
  region size 4096K, 5 young (20480K), 1 survivors (4096K)
 Metaspace       used 20797K, capacity 20931K, committed 21296K, reserved 1069056K
  class space    used 2285K, capacity 2330K, committed 2432K, reserved 1048576K
}
Event: 1.722 GC heap after
{Heap after GC invocations=4 (full 0):
 garbage-first heap   total 520192K, used 24716K [0x0000000604800000, 0x0000000800000000)
  region size 4096K, 1 young (4096K), 1 survivors (4096K)
 Metaspace       used 20797K, capacity 20931K, committed 21296K, reserved 1069056K
  class space    used 2285K, capacity 2330K, committed 2432K, reserved 1048576K
}
Event: 6.275 GC heap before
{Heap before GC invocations=5 (full 0):
 garbage-first heap   total 110592K, used 82060K [0x0000000604800000, 0x0000000800000000)
  region size 4096K, 16 young (65536K), 1 survivors (4096K)
 Metaspace       used 30750K, capacity 31034K, committed 31536K, reserved 1077248K
  class space    used 3568K, capacity 3658K, committed 3712K, reserved 1048576K
}
Event: 6.288 GC heap after
{Heap after GC invocations=6 (full 0):
 garbage-first heap   total 110592K, used 37250K [0x0000000604800000, 0x0000000800000000)
  region size 4096K, 2 young (8192K), 2 survivors (8192K)
 Metaspace       used 30750K, capacity 31034K, committed 31536K, reserved 1077248K
  class space    used 3568K, capacity 3658K, committed 3712K, reserved 1048576K
}
Event: 8.561 GC heap before
{Heap before GC invocations=6 (full 0):
 garbage-first heap   total 110592K, used 65922K [0x0000000604800000, 0x0000000800000000)
  region size 4096K, 9 young (36864K), 2 survivors (8192K)
 Metaspace       used 34648K, capacity 34937K, committed 35632K, reserved 1081344K
  class space    used 4283K, capacity 4363K, committed 4480K, reserved 1048576K
}
Event: 8.578 GC heap after
{Heap after GC invocations=7 (full 0):
 garbage-first heap   total 315392K, used 43009K [0x0000000604800000, 0x0000000800000000)
  region size 4096K, 2 young (8192K), 2 survivors (8192K)
 Metaspace       used 34648K, capacity 34937K, committed 35632K, reserved 1081344K
  class space    used 4283K, capacity 4363K, committed 4480K, reserved 1048576K
}
Event: 9.372 GC heap before
{Heap before GC invocations=7 (full 0):
 garbage-first heap   total 315392K, used 47105K [0x0000000604800000, 0x0000000800000000)
  region size 4096K, 4 young (16384K), 2 survivors (8192K)
 Metaspace       used 35080K, capacity 35354K, committed 35888K, reserved 1081344K
  class space    used 4381K, capacity 4459K, committed 4480K, reserved 1048576K
}
Event: 9.378 GC heap after
{Heap after GC invocations=8 (full 0):
 garbage-first heap   total 315392K, used 44635K [0x0000000604800000, 0x0000000800000000)
  region size 4096K, 2 young (8192K), 2 survivors (8192K)
 Metaspace       used 35080K, capacity 35354K, committed 35888K, reserved 1081344K
  class space    used 4381K, capacity 4459K, committed 4480K, reserved 1048576K
}
Event: 12.328 GC heap before
{Heap before GC invocations=9 (full 0):
 garbage-first heap   total 180224K, used 175707K [0x0000000604800000, 0x0000000800000000)
  region size 4096K, 31 young (126976K), 2 survivors (8192K)
 Metaspace       used 43261K, capacity 43595K, committed 44080K, reserved 1087488K
  class space    used 5843K, capacity 5945K, committed 6016K, reserved 1048576K
}
Event: 12.342 GC heap after
{Heap after GC invocations=10 (full 0):
 garbage-first heap   total 217088K, used 85307K [0x0000000604800000, 0x0000000800000000)
  region size 4096K, 5 young (20480K), 5 survivors (20480K)
 Metaspace       used 43261K, capacity 43595K, committed 44080K, reserved 1087488K
  class space    used 5843K, capacity 5945K, committed 6016K, reserved 1048576K
}

Deoptimization events (20 events):
Event: 44.276 Thread 0x0000028a125be520 DEOPT PACKING pc=0x0000028a737bcfc8 sp=0x0000008cbbbfc080
Event: 44.276 Thread 0x0000028a125be520 DEOPT UNPACKING pc=0x0000028a6b9be42f sp=0x0000008cbbbfbfd0 mode 2
Event: 44.294 Thread 0x0000028a125be520 Uncommon trap: trap_request=0xffffffde fr.pc=0x0000028a73859a5c relative=0x000000000000021c
Event: 44.294 Thread 0x0000028a125be520 Uncommon trap: reason=class_check action=maybe_recompile pc=0x0000028a73859a5c method=java.awt.Component.getLocationOnScreen_NoTreeLock()Ljava/awt/Point; @ 10 c2
Event: 44.294 Thread 0x0000028a125be520 DEOPT PACKING pc=0x0000028a73859a5c sp=0x0000008cbbbfd850
Event: 44.294 Thread 0x0000028a125be520 DEOPT UNPACKING pc=0x0000028a6b9be42f sp=0x0000008cbbbfd7d8 mode 2
Event: 44.297 Thread 0x0000028a125be520 Uncommon trap: trap_request=0xffffffde fr.pc=0x0000028a73859a5c relative=0x000000000000021c
Event: 44.297 Thread 0x0000028a125be520 Uncommon trap: reason=class_check action=maybe_recompile pc=0x0000028a73859a5c method=java.awt.Component.getLocationOnScreen_NoTreeLock()Ljava/awt/Point; @ 10 c2
Event: 44.297 Thread 0x0000028a125be520 DEOPT PACKING pc=0x0000028a73859a5c sp=0x0000008cbbbfd6d0
Event: 44.297 Thread 0x0000028a125be520 DEOPT UNPACKING pc=0x0000028a6b9be42f sp=0x0000008cbbbfd658 mode 2
Event: 44.303 Thread 0x0000028a125be520 Uncommon trap: trap_request=0xffffffde fr.pc=0x0000028a73842be4 relative=0x0000000000000a64
Event: 44.303 Thread 0x0000028a125be520 Uncommon trap: reason=class_check action=maybe_recompile pc=0x0000028a73842be4 method=javax.swing.RepaintManager.addDirtyRegion0(Ljava/awt/Container;IIII)V @ 91 c2
Event: 44.303 Thread 0x0000028a125be520 DEOPT PACKING pc=0x0000028a73842be4 sp=0x0000008cbbbfd1e0
Event: 44.303 Thread 0x0000028a125be520 DEOPT UNPACKING pc=0x0000028a6b9be42f sp=0x0000008cbbbfd068 mode 2
Event: 44.304 Thread 0x0000028a125be520 DEOPT PACKING pc=0x0000028a6c2630f4 sp=0x0000008cbbbfc710
Event: 44.304 Thread 0x0000028a125be520 DEOPT UNPACKING pc=0x0000028a6b9be23f sp=0x0000008cbbbfbad8 mode 0
Event: 44.304 Thread 0x0000028a125be520 DEOPT PACKING pc=0x0000028a6c2630f4 sp=0x0000008cbbbfc710
Event: 44.304 Thread 0x0000028a125be520 DEOPT UNPACKING pc=0x0000028a6b9be23f sp=0x0000008cbbbfbad8 mode 0
Event: 44.305 Thread 0x0000028a125be520 DEOPT PACKING pc=0x0000028a6c2635a1 sp=0x0000008cbbbfc710
Event: 44.305 Thread 0x0000028a125be520 DEOPT UNPACKING pc=0x0000028a6b9be23f sp=0x0000008cbbbfbad8 mode 0

Classes unloaded (0 events):
No events

Classes redefined (0 events):
No events

Internal exceptions (20 events):
Event: 10.567 Thread 0x0000028a14b208e0 Exception <a 'java/lang/NoSuchMethodError'{0x000000060d90dad0}: 'java.lang.Object java.lang.invoke.DirectMethodHandle$Holder.newInvokeSpecial(java.lang.Object, java.lang.Object, int, java.lang.Object)'> (0x000000060d90dad0) 
thrown [./open/src/hotspot/share/interpreter/linkResolver.cpp, line 782]
Event: 10.567 Thread 0x0000028a14b208e0 Exception <a 'java/lang/NoSuchMethodError'{0x000000060d911d10}: 'java.lang.Object java.lang.invoke.DirectMethodHandle$Holder.invokeSpecial(java.lang.Object, java.lang.Object, java.lang.Object, int, java.lang.Object)'> (0x000000060d911d10) 
thrown [./open/src/hotspot/share/interpreter/linkResolver.cpp, line 782]
Event: 10.568 Thread 0x0000028a14b208e0 Implicit null exception at 0x0000028a737973c6 to 0x0000028a7379a424
Event: 10.622 Thread 0x0000028a14b1ec00 Implicit null exception at 0x0000028a736a3b6f to 0x0000028a736a42f0
Event: 10.948 Thread 0x0000028a125be520 Exception <a 'java/lang/NoSuchMethodError'{0x000000060d7a34d8}: 'java.lang.Object java.lang.invoke.DirectMethodHandle$Holder.invokeStaticInit(java.lang.Object, java.lang.Object, java.lang.Object, java.lang.Object)'> (0x000000060d7a34d8) 
thrown [./open/src/hotspot/share/interpreter/linkResolver.cpp, line 782]
Event: 11.336 Thread 0x0000028a14b1fa70 Implicit null exception at 0x0000028a737d8fa7 to 0x0000028a737da37c
Event: 11.782 Thread 0x0000028a125be520 Implicit null exception at 0x0000028a7356358d to 0x0000028a73563a10
Event: 12.402 Thread 0x0000028a125be520 Implicit null exception at 0x0000028a735c246a to 0x0000028a735c351a
Event: 12.403 Thread 0x0000028a125be520 Implicit null exception at 0x0000028a73800872 to 0x0000028a738015dc
Event: 12.403 Thread 0x0000028a125be520 Implicit null exception at 0x0000028a738258d7 to 0x0000028a7382a98c
Event: 12.403 Thread 0x0000028a125be520 Implicit null exception at 0x0000028a7372474f to 0x0000028a737267f0
Event: 12.419 Thread 0x0000028a125be520 Implicit null exception at 0x0000028a736527e8 to 0x0000028a736539f8
Event: 12.419 Thread 0x0000028a125be520 Implicit null exception at 0x0000028a7370d189 to 0x0000028a7370d8b8
Event: 13.212 Thread 0x0000028a125be520 Implicit null exception at 0x0000028a7369cf3f to 0x0000028a7369e9c4
Event: 42.231 Thread 0x0000028a125be520 Implicit null exception at 0x0000028a735ec20d to 0x0000028a735ed334
Event: 42.377 Thread 0x0000028a125be520 Exception <a 'java/lang/NoSuchMethodError'{0x0000000616ccdc98}: 'int java.lang.invoke.DirectMethodHandle$Holder.invokeStatic(java.lang.Object)'> (0x0000000616ccdc98) 
thrown [./open/src/hotspot/share/interpreter/linkResolver.cpp, line 782]
Event: 44.262 Thread 0x0000028a14b1ec00 Exception <a 'java/lang/NullPointerException'{0x000000060e8e7e88}> (0x000000060e8e7e88) 
thrown [./open/src/hotspot/share/interpreter/linkResolver.cpp, line 1374]
Event: 44.272 Thread 0x0000028a14b1ec00 Exception <a 'java/lang/NoSuchMethodError'{0x000000060e92fff0}: 'void java.lang.invoke.DirectMethodHandle$Holder.invokeSpecial(java.lang.Object, java.lang.Object, java.lang.Object, java.lang.Object, java.lang.Object)'> (0x000000060e92fff0) 
thrown [./open/src/hotspot/share/interpreter/linkResolver.cpp, line 782]
Event: 44.293 Thread 0x0000028a14b1ec00 Exception <a 'java/lang/NoSuchMethodError'{0x000000060ea40db8}: 'int java.lang.invoke.DirectMethodHandle$Holder.invokeSpecial(java.lang.Object, java.lang.Object, java.lang.Object, java.lang.Object)'> (0x000000060ea40db8) 
thrown [./open/src/hotspot/share/interpreter/linkResolver.cpp, line 782]
Event: 44.326 Thread 0x0000028a14b1ec00 Exception <a 'java/lang/NoSuchMethodError'{0x000000060ebb86d0}: fwkIsMainThread> (0x000000060ebb86d0) 
thrown [./open/src/hotspot/share/prims/jni.cpp, line 1171]

Events (20 events):
Event: 44.310 loading class sun/awt/geom/AreaOp
Event: 44.310 loading class sun/awt/geom/AreaOp done
Event: 44.310 loading class sun/awt/geom/AreaOp$NZWindOp done
Event: 44.311 loading class sun/awt/geom/AreaOp$1
Event: 44.311 loading class sun/awt/geom/AreaOp$1 done
Event: 44.311 loading class sun/awt/geom/CurveLink
Event: 44.311 loading class sun/awt/geom/CurveLink done
Event: 44.311 loading class sun/awt/geom/ChainEnd
Event: 44.311 loading class sun/awt/geom/ChainEnd done
Event: 44.311 loading class sun/awt/geom/Edge
Event: 44.311 loading class sun/awt/geom/Edge done
Event: 44.311 loading class java/awt/geom/Path2D$Double$CopyIterator
Event: 44.311 loading class java/awt/geom/Path2D$Double$CopyIterator done
Event: 44.311 loading class sun/awt/geom/AreaOp$IntOp
Event: 44.311 loading class sun/awt/geom/AreaOp$CAGOp
Event: 44.311 loading class sun/awt/geom/AreaOp$CAGOp done
Event: 44.311 loading class sun/awt/geom/AreaOp$IntOp done
Event: 44.312 loading class java/net/CookieHandler
Event: 44.312 loading class java/net/CookieHandler done
Event: 44.316 Loaded shared library C:\Program Files\BellSoft\LibericaJDK-15-Full\bin\jfxwebkit.dll


Dynamic libraries:
0x00007ff788630000 - 0x00007ff78863f000 	C:\Program Files\Java\jdk-15.0.2\bin\java.exe
0x00007ff9c6010000 - 0x00007ff9c6226000 	C:\Windows\SYSTEM32\ntdll.dll
0x00007ff9c4c30000 - 0x00007ff9c4cf4000 	C:\Windows\System32\KERNEL32.DLL
0x00007ff9c3600000 - 0x00007ff9c39a6000 	C:\Windows\System32\KERNELBASE.dll
0x00007ff9c3c40000 - 0x00007ff9c3d51000 	C:\Windows\System32\ucrtbase.dll
0x00007ff9b0ff0000 - 0x00007ff9b1009000 	C:\Program Files\Java\jdk-15.0.2\bin\VCRUNTIME140.dll
0x00007ff9b1030000 - 0x00007ff9b1048000 	C:\Program Files\Java\jdk-15.0.2\bin\jli.dll
0x00007ff9c5240000 - 0x00007ff9c52f2000 	C:\Windows\System32\ADVAPI32.dll
0x00007ff9c5f20000 - 0x00007ff9c5fc7000 	C:\Windows\System32\msvcrt.dll
0x00007ff9c4b80000 - 0x00007ff9c4c28000 	C:\Windows\System32\sechost.dll
0x00007ff9c3b50000 - 0x00007ff9c3b78000 	C:\Windows\System32\bcrypt.dll
0x00007ff9c50c0000 - 0x00007ff9c51d5000 	C:\Windows\System32\RPCRT4.dll
0x00007ff9c5300000 - 0x00007ff9c54ad000 	C:\Windows\System32\USER32.dll
0x00007ff9c39b0000 - 0x00007ff9c39d6000 	C:\Windows\System32\win32u.dll
0x00007ff9c5e90000 - 0x00007ff9c5eb9000 	C:\Windows\System32\GDI32.dll
0x00007ff9c34e0000 - 0x00007ff9c35f8000 	C:\Windows\System32\gdi32full.dll
0x00007ff9b74f0000 - 0x00007ff9b7783000 	C:\Windows\WinSxS\amd64_microsoft.windows.common-controls_6595b64144ccf1df_6.0.22621.3235_none_270f74e173860f98\COMCTL32.dll
0x00007ff9c3350000 - 0x00007ff9c33ea000 	C:\Windows\System32\msvcp_win.dll
0x00007ff9b8f90000 - 0x00007ff9b8f9a000 	C:\Windows\SYSTEM32\VERSION.dll
0x00007ff9c3d60000 - 0x00007ff9c3d91000 	C:\Windows\System32\IMM32.DLL
0x00007ff9b1a70000 - 0x00007ff9b1a7c000 	C:\Program Files\Java\jdk-15.0.2\bin\vcruntime140_1.dll
0x00007ff994bf0000 - 0x00007ff994c81000 	C:\Program Files\Java\jdk-15.0.2\bin\msvcp140.dll
0x00007ff950830000 - 0x00007ff95138e000 	C:\Program Files\Java\jdk-15.0.2\bin\server\jvm.dll
0x00007ff9c5750000 - 0x00007ff9c5758000 	C:\Windows\System32\PSAPI.DLL
0x00007ff9be070000 - 0x00007ff9be079000 	C:\Windows\SYSTEM32\WSOCK32.dll
0x00007ff9b8fb0000 - 0x00007ff9b8fe4000 	C:\Windows\SYSTEM32\WINMM.dll
0x00007ff9c46b0000 - 0x00007ff9c4721000 	C:\Windows\System32\WS2_32.dll
0x00007ff9c2480000 - 0x00007ff9c2498000 	C:\Windows\SYSTEM32\kernel.appcore.dll
0x00007ff9b0fe0000 - 0x00007ff9b0fea000 	C:\Program Files\Java\jdk-15.0.2\bin\jimage.dll
0x00007ff9c0c40000 - 0x00007ff9c0e73000 	C:\Windows\SYSTEM32\DBGHELP.DLL
0x00007ff9c4d10000 - 0x00007ff9c5098000 	C:\Windows\System32\combase.dll
0x00007ff9c57c0000 - 0x00007ff9c5897000 	C:\Windows\System32\OLEAUT32.dll
0x00007ff996880000 - 0x00007ff9968b2000 	C:\Windows\SYSTEM32\dbgcore.DLL
0x00007ff9c33f0000 - 0x00007ff9c346a000 	C:\Windows\System32\bcryptPrimitives.dll
0x00007ff9a76a0000 - 0x00007ff9a76c5000 	C:\Program Files\Java\jdk-15.0.2\bin\java.dll
0x00007ff9c3da0000 - 0x00007ff9c45fd000 	C:\Windows\System32\SHELL32.dll
0x00007ff9c1270000 - 0x00007ff9c1b68000 	C:\Windows\SYSTEM32\windows.storage.dll
0x00007ff9c1130000 - 0x00007ff9c126e000 	C:\Windows\SYSTEM32\wintypes.dll
0x00007ff9c49a0000 - 0x00007ff9c4a93000 	C:\Windows\System32\SHCORE.dll
0x00007ff9c51e0000 - 0x00007ff9c523e000 	C:\Windows\System32\shlwapi.dll
0x00007ff9c3280000 - 0x00007ff9c32a6000 	C:\Windows\SYSTEM32\profapi.dll
0x00007ff9acaf0000 - 0x00007ff9acb09000 	C:\Program Files\Java\jdk-15.0.2\bin\net.dll
0x00007ff9bacf0000 - 0x00007ff9bae27000 	C:\Windows\SYSTEM32\WINHTTP.dll
0x00007ff9c2900000 - 0x00007ff9c2969000 	C:\Windows\system32\mswsock.dll
0x00007ff99f5f0000 - 0x00007ff99f602000 	C:\Program Files\Java\jdk-15.0.2\bin\nio.dll
0x00007ff99f5d0000 - 0x00007ff99f5e8000 	C:\Program Files\Java\jdk-15.0.2\bin\zip.dll
0x00007ff9834f0000 - 0x00007ff983670000 	C:\Program Files\Java\jdk-15.0.2\bin\awt.dll
0x00007ff9c00b0000 - 0x00007ff9c0147000 	C:\Windows\SYSTEM32\apphelp.dll
0x00007ff9c01b0000 - 0x00007ff9c025b000 	C:\Windows\system32\uxtheme.dll
0x00007ff9c5d30000 - 0x00007ff9c5e84000 	C:\Windows\System32\MSCTF.dll
0x00007ff9c54b0000 - 0x00007ff9c564f000 	C:\Windows\System32\ole32.dll
0x00007ff9c04e0000 - 0x00007ff9c050b000 	C:\Windows\system32\DWMAPI.DLL
0x00007ff99bc70000 - 0x00007ff99bd23000 	C:\Windows\WinSxS\amd64_microsoft.windows.common-controls_6595b64144ccf1df_5.82.22621.2506_none_b43bab19638c9595\comctl32.dll
0x00007ff983400000 - 0x00007ff983485000 	C:\Program Files\Java\jdk-15.0.2\bin\freetype.dll
0x00007ff983270000 - 0x00007ff983319000 	C:\Program Files\Java\jdk-15.0.2\bin\fontmanager.dll
0x00007ff9734d0000 - 0x00007ff9735d0000 	C:\Windows\system32\opengl32.dll
0x00007ff99f5a0000 - 0x00007ff99f5cd000 	C:\Windows\SYSTEM32\GLU32.dll
0x00007ff9c0370000 - 0x00007ff9c03a9000 	C:\Windows\SYSTEM32\dxcore.dll
0x00007ff9c48f0000 - 0x00007ff9c49a0000 	C:\Windows\System32\clbcatq.dll
0x00007ff9bb860000 - 0x00007ff9bb961000 	C:\Windows\SYSTEM32\PROPSYS.dll
0x00007ff9c3010000 - 0x00007ff9c305e000 	C:\Windows\SYSTEM32\CFGMGR32.dll
0x00007ff97f260000 - 0x00007ff97f27a000 	C:\Windows\system32\NetworkExplorer.dll
0x00007ff9b27e0000 - 0x00007ff9b2915000 	C:\Windows\System32\Windows.System.Launcher.dll
0x00007ff9be470000 - 0x00007ff9be503000 	C:\Windows\System32\msvcp110_win.dll
0x00007ff9b7d10000 - 0x00007ff9b7d2a000 	C:\Windows\SYSTEM32\windows.staterepositorycore.dll
0x00007ff9b7000000 - 0x00007ff9b701e000 	C:\Windows\SYSTEM32\MPR.dll
0x00007ff9a4050000 - 0x00007ff9a4079000 	C:\Windows\System32\p9np.dll
0x00007ff9a4040000 - 0x00007ff9a404c000 	C:\Windows\System32\drprov.dll
0x00007ff9a4020000 - 0x00007ff9a4039000 	C:\Windows\System32\ntlanman.dll
0x00007ff9a3fc0000 - 0x00007ff9a3fdf000 	C:\Windows\System32\davclnt.dll
0x00007ff9c1de0000 - 0x00007ff9c1e46000 	C:\Windows\System32\WINSTA.dll
0x00007ff9b90f0000 - 0x00007ff9b910a000 	C:\Windows\System32\wkscli.dll
0x00007ff9964d0000 - 0x00007ff9964e2000 	C:\Windows\SYSTEM32\cscapi.dll
0x00007ff9c1dd0000 - 0x00007ff9c1ddc000 	C:\Windows\System32\netutils.dll
0x00007ff98bcd0000 - 0x00007ff98bddd000 	C:\Program Files\Norton Security\Engine\22.23.10.10\buShell.dll
0x00007ff99c080000 - 0x00007ff99c23a000 	C:\Windows\WinSxS\amd64_microsoft.windows.gdiplus_6595b64144ccf1df_1.1.22621.3085_none_57ff6980ce140777\gdiplus.dll
0x00007ff995e50000 - 0x00007ff995e6f000 	C:\Program Files\Norton Security\Engine\22.23.10.10\ccVrTrst.dll
0x00007ff9968c0000 - 0x00007ff9969ae000 	C:\Program Files\Norton Security\Engine\22.23.10.10\ccLib.dll
0x00007ff995dd0000 - 0x00007ff995e44000 	C:\Program Files\Norton Security\Engine\22.23.10.10\EFACli64.dll
0x00007ff9c29f0000 - 0x00007ff9c2a1c000 	C:\Windows\SYSTEM32\USERENV.dll
0x00007ff995d80000 - 0x00007ff995dc1000 	C:\Program Files\Norton Security\Engine\22.23.10.10\ccIPC.dll
0x00007ff95c2c0000 - 0x00007ff95c35d000 	C:\Program Files\Norton Security\Engine\22.23.10.10\buComm.dll
0x00007ff9a0560000 - 0x00007ff9a05ce000 	C:\Program Files\Norton Security\Engine\22.23.10.10\ccSet.dll
0x00007ff98bed0000 - 0x00007ff98bf27000 	C:\Windows\System32\dlnashext.dll
0x00007ff9a3bb0000 - 0x00007ff9a3c19000 	C:\Windows\System32\PlayToDevice.dll
0x00007ff996530000 - 0x00007ff996551000 	C:\Windows\System32\DevDispItemProvider.dll
0x00007ff9b2c70000 - 0x00007ff9b2d0d000 	C:\Windows\System32\MMDevApi.dll
0x00007ff9c3060000 - 0x00007ff9c308c000 	C:\Windows\System32\DEVOBJ.dll
0x00007ff96e840000 - 0x00007ff96e8e3000 	C:\Windows\system32\wpdshext.dll
0x00007ff97ac70000 - 0x00007ff97ad0e000 	C:\Windows\System32\PortableDeviceApi.dll
0x00007ff9c58b0000 - 0x00007ff9c5d24000 	C:\Windows\System32\SETUPAPI.dll
0x00007ff9c3470000 - 0x00007ff9c34db000 	C:\Windows\System32\WINTRUST.dll
0x00007ff9c39e0000 - 0x00007ff9c3b46000 	C:\Windows\System32\CRYPT32.dll
0x00007ff9c2ff0000 - 0x00007ff9c3002000 	C:\Windows\SYSTEM32\MSASN1.dll
0x00007ff99a770000 - 0x00007ff99a7a7000 	C:\Windows\System32\EhStorShell.dll
0x00007ff9b1c30000 - 0x00007ff9b1c54000 	C:\Windows\System32\EhStorAPI.dll
0x00007ff9c2230000 - 0x00007ff9c2244000 	C:\Windows\System32\WTSAPI32.dll
0x00007ff97f1e0000 - 0x00007ff97f1ed000 	C:\Windows\SYSTEM32\LINKINFO.dll
0x00007ff97be80000 - 0x00007ff97bf21000 	C:\Windows\System32\netshell.dll
0x00007ff9a02f0000 - 0x00007ff9a0319000 	C:\Windows\System32\NetSetupApi.dll
0x00007ff9c1e90000 - 0x00007ff9c1ebd000 	C:\Windows\System32\IPHLPAPI.DLL
0x00007ff9a3ba0000 - 0x00007ff9a3bb0000 	C:\Program Files\Java\jdk-15.0.2\bin\verify.dll
0x00007ff9c1ec0000 - 0x00007ff9c1fb9000 	C:\Windows\SYSTEM32\DNSAPI.dll
0x00007ff9c4d00000 - 0x00007ff9c4d09000 	C:\Windows\System32\NSI.dll
0x00007ff9b4dc0000 - 0x00007ff9b4dca000 	C:\Windows\System32\rasadhlp.dll
0x00007ff9b8010000 - 0x00007ff9b8093000 	C:\Windows\System32\fwpuclnt.dll
0x00007ff9be6e0000 - 0x00007ff9be890000 	C:\Windows\SYSTEM32\WindowsCodecs.dll
0x00007ff99dc80000 - 0x00007ff99dcde000 	C:\Windows\system32\dataexchange.dll
0x00007ff9b8970000 - 0x00007ff9b8bff000 	C:\Windows\system32\twinapi.appcore.dll
0x0000028a13df0000 - 0x0000028a13df3000 	C:\Program Files\Java\jdk-15.0.2\bin\api-ms-win-core-console-l1-1-0.dll
0x0000028a13e00000 - 0x0000028a13e03000 	C:\Program Files\Java\jdk-15.0.2\bin\api-ms-win-core-datetime-l1-1-0.dll
0x0000028a13e10000 - 0x0000028a13e13000 	C:\Program Files\Java\jdk-15.0.2\bin\api-ms-win-core-debug-l1-1-0.dll
0x0000028a13e20000 - 0x0000028a13e23000 	C:\Program Files\Java\jdk-15.0.2\bin\api-ms-win-core-errorhandling-l1-1-0.dll
0x0000028a13e30000 - 0x0000028a13e34000 	C:\Program Files\Java\jdk-15.0.2\bin\api-ms-win-core-file-l1-1-0.dll
0x0000028a13e40000 - 0x0000028a13e43000 	C:\Program Files\Java\jdk-15.0.2\bin\api-ms-win-core-file-l1-2-0.dll
0x0000028a13e50000 - 0x0000028a13e53000 	C:\Program Files\Java\jdk-15.0.2\bin\api-ms-win-core-file-l2-1-0.dll
0x0000028a13e60000 - 0x0000028a13e63000 	C:\Program Files\Java\jdk-15.0.2\bin\api-ms-win-core-handle-l1-1-0.dll
0x0000028a13e70000 - 0x0000028a13e73000 	C:\Program Files\Java\jdk-15.0.2\bin\api-ms-win-core-heap-l1-1-0.dll
0x0000028a13e80000 - 0x0000028a13e83000 	C:\Program Files\Java\jdk-15.0.2\bin\api-ms-win-core-interlocked-l1-1-0.dll
0x0000028a13e90000 - 0x0000028a13e93000 	C:\Program Files\Java\jdk-15.0.2\bin\api-ms-win-core-libraryloader-l1-1-0.dll
0x0000028a13ea0000 - 0x0000028a13ea3000 	C:\Program Files\Java\jdk-15.0.2\bin\api-ms-win-core-localization-l1-2-0.dll
0x0000028a13eb0000 - 0x0000028a13eb3000 	C:\Program Files\Java\jdk-15.0.2\bin\api-ms-win-core-memory-l1-1-0.dll
0x0000028a13ec0000 - 0x0000028a13ec3000 	C:\Program Files\Java\jdk-15.0.2\bin\api-ms-win-core-namedpipe-l1-1-0.dll
0x0000028a13ed0000 - 0x0000028a13ed3000 	C:\Program Files\Java\jdk-15.0.2\bin\api-ms-win-core-processenvironment-l1-1-0.dll
0x0000028a13ee0000 - 0x0000028a13ee3000 	C:\Program Files\Java\jdk-15.0.2\bin\api-ms-win-core-processthreads-l1-1-0.dll
0x0000028a13ef0000 - 0x0000028a13ef3000 	C:\Program Files\Java\jdk-15.0.2\bin\api-ms-win-core-processthreads-l1-1-1.dll
0x0000028a13f00000 - 0x0000028a13f03000 	C:\Program Files\Java\jdk-15.0.2\bin\api-ms-win-core-profile-l1-1-0.dll
0x0000028a13f10000 - 0x0000028a13f13000 	C:\Program Files\Java\jdk-15.0.2\bin\api-ms-win-core-rtlsupport-l1-1-0.dll

dbghelp: loaded successfully - version: 4.0.5 - missing functions: none
symbol engine: initialized successfully - sym options: 0x614 - pdb path: .;C:\Program Files\Java\jdk-15.0.2\bin;C:\Windows\SYSTEM32;C:\Windows\WinSxS\amd64_microsoft.windows.common-controls_6595b64144ccf1df_6.0.22621.3235_none_270f74e173860f98;C:\Program Files\Java\jdk-15.0.2\bin\server;C:\Windows\WinSxS\amd64_microsoft.windows.common-controls_6595b64144ccf1df_5.82.22621.2506_none_b43bab19638c9595;C:\Program Files\Norton Security\Engine\22.23.10.10;C:\Windows\WinSxS\amd64_microsoft.windows.gdiplus_6595b64144ccf1df_1.1.22621.3085_none_57ff6980ce140777;C:\Program Files\BellSoft\LibericaJDK-15-Full\bin;C:\Windows\System32\DriverStore\FileRepository\iigd_dch.inf_amd64_5b1252b3763da959

VM Arguments:
jvm_args: -Dfile.encoding=UTF-8 
java_command: simrskhanza.SIMRSKhanza
java_class_path (initial): D:\windiartonugroho\lib\commons-codec-1.10.jar;D:\windiartonugroho\lib\calendar-src.jar;D:\windiartonugroho\lib\calendar-doc.jar;D:\windiartonugroho\lib\calendar.jar;D:\windiartonugroho\lib\jcalendar-1.4.jar;D:\windiartonugroho\lib\ant-1.7.1.jar;D:\windiartonugroho\lib\apache-httpcomponents-httpclient.jar;D:\windiartonugroho\lib\appframework-1.0.3.jar;D:\windiartonugroho\lib\barbecue-1.5-beta1.jar;D:\windiartonugroho\lib\batik-dom.jar;D:\windiartonugroho\lib\groovy-all-2.4.7.jar;D:\windiartonugroho\lib\bcel-5.2.jar;D:\windiartonugroho\lib\bcprov-jdk15on-154.jar;D:\windiartonugroho\lib\poi-4.1.0.jar;D:\windiartonugroho\lib\beansbinding-1.2.1.jar;D:\windiartonugroho\lib\bsh-2.0b4.jar;D:\windiartonugroho\lib\com-jaspersoft-ireport.jar;D:\windiartonugroho\lib\com.fasterxml.jackson.core.jar;D:\windiartonugroho\lib\comm.jar;D:\windiartonugroho\lib\common-javaFX-plugin.jar;D:\windiartonugroho\lib\commons-javaflow-20060411.jar;D:\windiartonugroho\lib\commons-logging-1.2.jar;D:\windiartonugroho\lib\fluent-hc-4.5.1.jar;D:\windiartonugroho\lib\fontbox-2.0.13.jar;D:\windiartonugroho\lib\gson-2.2.2.jar;D:\windiartonugroho\lib\hibernate3.jar;D:\windiartonugroho\lib\hsqldb-1.8.0-10.jar;D:\windiartonugroho\lib\httpclient-4.5.1.jar;D:\windiartonugroho\lib\httpclient-cache-4.5.1.jar;D:\windiartonugroho\lib\httpclient-win-4.5.1.jar;D:\windiartonugroho\lib\httpcore-4.4.3.jar;D:\windiartonugroho\lib\httpmime-4.5.1.jar;D:\windiartonugroho\lib\iReport.jar;D:\windiartonugroho\lib\jackson-all-1.9.0.jar;D:\windiartonugroho\lib\java-json.jar;D:\windiartonugroho\lib\javaFX-jps-plugin.jar;D:\windiartonugroho\lib\javaFX.jar;D:\windiartonugroho\lib\jaxen-1.1.1.jar;D:\windiartonugroho\lib\jcommon-1.0.15.jar;D:\windiartonugroho\lib\jdt-compiler-3.1.1.jar;D:\windiartonugroho\lib\jfreechart-1.0.12.jar;D:\windiartonugroho\lib\jl1.0.jar;D:\windiartonugroho\lib\jna-4.1.0.jar;D:\windiartonugroho\lib\jna-platform-4.1.0.jar;D:\windiartonugroho\lib\jpa.jar;D:\windiartonugroho\li
Launcher Type: SUN_STANDARD

[Global flags]
     intx CICompilerCount                          = 12                                        {product} {ergonomic}
     uint ConcGCThreads                            = 3                                         {product} {ergonomic}
     uint G1ConcRefinementThreads                  = 13                                        {product} {ergonomic}
   size_t G1HeapRegionSize                         = 4194304                                   {product} {ergonomic}
    uintx GCDrainStackTargetSize                   = 64                                        {product} {ergonomic}
   size_t InitialHeapSize                          = 532676608                                 {product} {ergonomic}
   size_t MarkStackSize                            = 4194304                                   {product} {ergonomic}
   size_t MaxHeapSize                              = 8514437120                                {product} {ergonomic}
   size_t MaxNewSize                               = 5108662272                                {product} {ergonomic}
   size_t MinHeapDeltaBytes                        = 4194304                                   {product} {ergonomic}
   size_t MinHeapSize                              = 8388608                                   {product} {ergonomic}
    uintx NonNMethodCodeHeapSize                   = 7602480                                {pd product} {ergonomic}
    uintx NonProfiledCodeHeapSize                  = 122027880                              {pd product} {ergonomic}
    uintx ProfiledCodeHeapSize                     = 122027880                              {pd product} {ergonomic}
    uintx ReservedCodeCacheSize                    = 251658240                              {pd product} {ergonomic}
     bool SegmentedCodeCache                       = true                                      {product} {ergonomic}
   size_t SoftMaxHeapSize                          = 8514437120                             {manageable} {ergonomic}
     bool UseCompressedClassPointers               = true                                 {lp64_product} {ergonomic}
     bool UseCompressedOops                        = true                                 {lp64_product} {ergonomic}
     bool UseG1GC                                  = true                                      {product} {ergonomic}
     bool UseLargePagesIndividualAllocation        = false                                  {pd product} {ergonomic}

Logging:
Log output configuration:
 #0: stdout all=warning uptime,level,tags
 #1: stderr all=off uptime,level,tags

Environment Variables:
JAVA_HOME=C:\Program Files\BellSoft\LibericaJDK-15-Full\
PATH=C:\Program Files\BellSoft\LibericaJDK-15-Full\bin\;C:\Program Files\Common Files\Oracle\Java\javapath;C:\Windows\system32;C:\Windows;C:\Windows\System32\Wbem;C:\Windows\System32\WindowsPowerShell\v1.0\;C:\Windows\System32\OpenSSH\;C:\Program Files (x86)\NVIDIA Corporation\PhysX\Common;C:\Program Files\NVIDIA Corporation\NVIDIA NvDLISR;C:\Program Files\Git\cmd;C:\Program Files\PuTTY\;C:\Users\ryanh\AppData\Local\Microsoft\WindowsApps;C:\Users\ryanh\AppData\Local\Programs\Microsoft VS Code\bin
USERNAME=ryanh
OS=Windows_NT
PROCESSOR_IDENTIFIER=Intel64 Family 6 Model 186 Stepping 2, GenuineIntel



---------------  S Y S T E M  ---------------

OS:
 Windows 10 , 64 bit Build 22621 (10.0.22621.3235)
OS uptime: 0 days 12:58 hours
HyperV virtualization detected

CPU: total 16 (initial active 16) (8 cores per cpu, 2 threads per core) family 6 model 186 stepping 2 microcode 0x410e, cmov, cx8, fxsr, mmx, sse, sse2, sse3, ssse3, sse4.1, sse4.2, popcnt, vzeroupper, avx, avx2, aes, clmul, erms, 3dnowpref, lzcnt, ht, tsc, tscinvbit, bmi1, bmi2, adx, sha, fma, clflush, clflushopt, clwb

Memory: 4k page, system-wide physical 32471M (17609M free)
TotalPageFile size 34519M (AvailPageFile size 16427M)
current process WorkingSet (physical memory assigned to process): 475M, peak: 523M
current process commit charge ("private bytes"): 538M, peak: 673M

vm_info: Java HotSpot(TM) 64-Bit Server VM (15.0.2+7-27) for windows-amd64 JRE (15.0.2+7-27), built on Dec  7 2020 20:07:01 by "mach5one" with unknown MS VC++:1925

END.
