#
# A fatal error has been detected by the Java Runtime Environment:
#
#  EXCEPTION_ACCESS_VIOLATION (0xc0000005) at pc=0x00007ff950bda3d1, pid=21712, tid=10556
#
# JRE version: Java(TM) SE Runtime Environment (15.0.2+7) (build 15.0.2+7-27)
# Java VM: Java HotSpot(TM) 64-Bit Server VM (15.0.2+7-27, mixed mode, sharing, tiered, compressed oops, g1 gc, windows-amd64)
# Problematic frame:
# V  [jvm.dll+0x3aa3d1]
#
# No core dump will be written. Minidumps are not enabled by default on client versions of Windows
#
# If you would like to submit a bug report, please visit:
#   https://bugreport.java.com/bugreport/crash.jsp
#

---------------  S U M M A R Y ------------

Command Line: -Dfile.encoding=UTF-8 simrskhanza.SIMRSKhanza

Host: 13th Gen Intel(R) Core(TM) i7-13620H, 16 cores, 31G,  Windows 10 , 64 bit Build 22621 (10.0.22621.3235)
Time: Tue Mar 26 20:14:40 2024 SE Asia Standard Time elapsed time: 17.854842 seconds (0d 0h 0m 17s)

---------------  T H R E A D  ---------------

Current thread (0x00000206e3ae65f0):  JavaThread "JavaFX Application Thread" [_thread_in_vm, id=10556, stack(0x0000008979700000,0x0000008979800000)]

Stack: [0x0000008979700000,0x0000008979800000],  sp=0x00000089797fddb0,  free space=1015k
Native frames: (J=compiled Java code, j=interpreted, Vv=VM code, C=native code)
V  [jvm.dll+0x3aa3d1]
C  0x00007ff94809b1b0

Java frames: (J=compiled Java code, j=interpreted, Vv=VM code)
j  com.sun.webkit.WebPage.twkCreatePage(Z)J+0
j  com.sun.webkit.WebPage.<init>(Lcom/sun/webkit/WebPageClient;Lcom/sun/webkit/UIClient;Lcom/sun/webkit/PolicyClient;Lcom/sun/webkit/InspectorClient;Lcom/sun/webkit/ThemeClient;Z)V+177
j  javafx.scene.web.WebEngine.<init>(Ljava/lang/String;Z)V+270
j  javafx.scene.web.WebEngine.<init>()V+3
j  javafx.scene.web.WebView.<init>()V+60
j  bridging.INACBGHybrid$3.run()V+4
j  com.sun.javafx.application.PlatformImpl.lambda$runLater$10(Ljava/lang/Runnable;)Ljava/lang/Void;+1
j  com.sun.javafx.application.PlatformImpl$$Lambda$321+0x0000000801079718.run()Ljava/lang/Object;+4
J 4639 c1 java.security.AccessController.doPrivileged(Ljava/security/PrivilegedAction;Ljava/security/AccessControlContext;)Ljava/lang/Object; java.base@15.0.2 (17 bytes) @ 0x00000206bd2220e4 [0x00000206bd221f00+0x00000000000001e4]
j  com.sun.javafx.application.PlatformImpl.lambda$runLater$11(Ljava/lang/Runnable;Ljava/security/AccessControlContext;)V+7
j  com.sun.javafx.application.PlatformImpl$$Lambda$320+0x00000008010792c8.run()V+8
j  com.sun.glass.ui.InvokeLaterDispatcher$Future.run()V+4
v  ~StubRoutines::call_stub
j  com.sun.glass.ui.win.WinApplication._runLoop(Ljava/lang/Runnable;)V+0
j  com.sun.glass.ui.win.WinApplication.lambda$runLoop$3(ILjava/lang/Runnable;)V+8
j  com.sun.glass.ui.win.WinApplication$$Lambda$307+0x000000080104c488.run()V+12
j  java.lang.Thread.run()V+11 java.base@15.0.2
v  ~StubRoutines::call_stub

siginfo: EXCEPTION_ACCESS_VIOLATION (0xc0000005), reading address 0x0000000000000000


Register to memory mapping:

RIP=0x00007ff950bda3d1 jvm.dll
RAX=0x0 is NULL
RBX=0x00000206e3ae65f0 is a thread
RCX=0x59bad69a11210000 is an unknown value
RDX=0x00000206e9b9c018 is a global jni handle
RSP=0x00000089797fddb0 is pointing into the stack for thread: 0x00000206e3ae65f0
RBP=0x00000089797fdea8 is pointing into the stack for thread: 0x00000206e3ae65f0
RSI=0x00000206e3ae6918 points into unknown readable memory: 0x00007ff95122de40 | 40 de 22 51 f9 7f 00 00
RDI=0x00000206e9b9c018 is a global jni handle
R8 =0x0 is NULL
R9 =0x00000089797fdea8 is pointing into the stack for thread: 0x00000206e3ae65f0
R10=0x00007ff950bda310 jvm.dll
R11=0x00000089797fdda8 is pointing into the stack for thread: 0x00000206e3ae65f0
R12=0x0 is NULL
R13=0x0 is NULL
R14=0x0 is NULL
R15=0x00000206e387e5d0 points into unknown readable memory: 0x00007ff94989b728 | 28 b7 89 49 f9 7f 00 00


Registers:
RAX=0x0000000000000000, RBX=0x00000206e3ae65f0, RCX=0x59bad69a11210000, RDX=0x00000206e9b9c018
RSP=0x00000089797fddb0, RBP=0x00000089797fdea8, RSI=0x00000206e3ae6918, RDI=0x00000206e9b9c018
R8 =0x0000000000000000, R9 =0x00000089797fdea8, R10=0x00007ff950bda310, R11=0x00000089797fdda8
R12=0x0000000000000000, R13=0x0000000000000000, R14=0x0000000000000000, R15=0x00000206e387e5d0
RIP=0x00007ff950bda3d1, EFLAGS=0x0000000000010206

Top of Stack: (sp=0x00000089797fddb0)
0x00000089797fddb0:   00000206e3ae65f0 00000206e3ae6918
0x00000089797fddc0:   0000000000000000 00000206ea267920
0x00000089797fddd0:   0000000000000000 00007ff9c3c640b8
0x00000089797fdde0:   00005933afe5cd61 0000000000000000
0x00000089797fddf0:   00000206e387e5d0 00000206e9b9c018
0x00000089797fde00:   00000206e3ae65f0 00000206e84d2170
0x00000089797fde10:   0000020600000493 00007ff9510caaa0
0x00000089797fde20:   00000206e3ae65f0 00007ff950bd266a
0x00000089797fde30:   00007ff94b5eab38 00007ff949895a10
0x00000089797fde40:   0000020600000002 00007ff900000002
0x00000089797fde50:   00007ff94b84d238 00007ff94809b1b0
0x00000089797fde60:   00000206e58fd398 00007ff94b7fd7f0
0x00000089797fde70:   00000206ea267920 00000206e3ae6918
0x00000089797fde80:   00000206e3ae6918 00007ff9496e6725
0x00000089797fde90:   00000206e58fd398 00007ff94b7fd7f0
0x00000089797fdea0:   0000000000000000 0000000000000018 

Instructions: (pc=0x00007ff950bda3d1)
0x00007ff950bda2d1:   00 00 48 8b bc 24 c0 00 00 00 c0 e8 03 a8 01 74
0x00007ff950bda2e1:   08 48 8b cb e8 a6 29 2e 00 0f 28 c6 c7 83 98 03
0x00007ff950bda2f1:   00 00 04 00 00 00 0f 28 b4 24 b0 00 00 00 48 81
0x00007ff950bda301:   c4 d0 00 00 00 5b c3 cc cc cc cc cc cc cc cc 48
0x00007ff950bda311:   89 5c 24 08 48 89 6c 24 10 48 89 74 24 18 48 89
0x00007ff950bda321:   7c 24 20 41 56 48 81 ec a0 00 00 00 8b 81 88 00
0x00007ff950bda331:   00 00 48 8d 99 d8 fc ff ff 05 55 21 ff ff 49 8b
0x00007ff950bda341:   e9 4d 8b f0 48 8b fa 48 8b f1 83 f8 01 76 0a 48
0x00007ff950bda351:   8b cb e8 28 33 39 00 33 db c7 83 98 03 00 00 05
0x00007ff950bda361:   00 00 00 e8 c7 26 27 00 48 8b 03 48 8b cb ff 50
0x00007ff950bda371:   38 84 c0 74 0e 48 8b 83 10 01 00 00 c0 e8 03 24
0x00007ff950bda381:   01 eb 0b 8b 05 86 23 6f 00 85 c0 0f 95 c0 84 c0
0x00007ff950bda391:   75 0d 8b 83 e0 00 00 00 a9 04 00 00 20 74 08 48
0x00007ff950bda3a1:   8b cb e8 58 39 39 00 c7 83 98 03 00 00 06 00 00
0x00007ff950bda3b1:   00 48 83 7b 08 00 48 89 5c 24 50 48 c7 44 24 58
0x00007ff950bda3c1:   00 00 00 00 74 0a 48 8d 4c 24 50 e8 1f c5 2a 00
0x00007ff950bda3d1:   49 8b 16 48 8d 4c 24 70 c7 44 24 40 04 00 00 00
0x00007ff950bda3e1:   e8 ea cf 00 00 48 89 ac 24 98 00 00 00 48 8d 05
0x00007ff950bda3f1:   33 07 4f 00 48 89 44 24 70 40 f6 c7 01 74 0c 48
0x00007ff950bda401:   8d 4f ff ff 15 9e 13 65 00 eb 09 48 8b cf ff 15
0x00007ff950bda411:   f3 9b 64 00 8b 15 85 9c 6d 00 48 8b c8 e8 ed d0
0x00007ff950bda421:   26 00 48 8b d3 48 8b c8 4c 8b 00 41 ff 90 b0 00
0x00007ff950bda431:   00 00 48 83 7b 08 00 75 35 48 8d 44 24 70 48 89
0x00007ff950bda441:   5c 24 30 48 89 44 24 28 48 8d 54 24 40 45 33 c9
0x00007ff950bda451:   4c 89 74 24 20 45 33 c0 48 8b ce e8 3f e4 00 00
0x00007ff950bda461:   48 83 7b 08 00 75 07 0f b6 74 24 48 eb 03 40 32
0x00007ff950bda471:   f6 48 83 7c 24 58 00 74 0a 48 8d 4c 24 50 e8 0c
0x00007ff950bda481:   c5 2a 00 48 8b bb f8 00 00 00 48 8b 4f 10 48 83
0x00007ff950bda491:   39 00 74 0c 48 8b cf e8 d3 a0 f6 ff 48 8b 4f 10
0x00007ff950bda4a1:   48 8b 47 08 48 89 48 10 48 8b 4f 08 48 8b 47 18
0x00007ff950bda4b1:   48 89 41 18 48 8b 4f 08 48 8b 47 20 48 89 41 20
0x00007ff950bda4c1:   c7 83 98 03 00 00 07 00 00 00 e8 60 25 27 00 48 


Stack slot to memory mapping:
stack at sp + 0 slots: 0x00000206e3ae65f0 is a thread
stack at sp + 1 slots: 0x00000206e3ae6918 points into unknown readable memory: 0x00007ff95122de40 | 40 de 22 51 f9 7f 00 00
stack at sp + 2 slots: 0x0 is NULL
stack at sp + 3 slots: 0x00000206ea267920 points into unknown readable memory: 0x000100020000001a | 1a 00 00 00 02 00 01 00
stack at sp + 4 slots: 0x0 is NULL
stack at sp + 5 slots: 0x00007ff9c3c640b8 ucrtbase.dll
stack at sp + 6 slots: 0x00005933afe5cd61 is an unknown value
stack at sp + 7 slots: 0x0 is NULL


---------------  P R O C E S S  ---------------

Threads class SMR info:
_java_thread_list=0x00000206e5cc03f0, length=24, elements={
0x00000206e139c180, 0x00000206e139cd50, 0x00000206e13b65a0, 0x00000206e13b7050,
0x00000206e13b7b00, 0x00000206e13b8990, 0x00000206e13cd210, 0x00000206e13cdd00,
0x00000206e21ee290, 0x00000206e21fe520, 0x00000206e3047040, 0x00000206e3047510,
0x00000206e30479e0, 0x00000206e32681e0, 0x00000206e341e3a0, 0x00000206b3f24e60,
0x00000206e3b07400, 0x00000206e3ae82d0, 0x00000206e3ae9610, 0x00000206e3ae6120,
0x00000206e3ae65f0, 0x00000206e3ae87a0, 0x00000206e3ae6ac0, 0x00000206ea7ae0a0
}

Java Threads: ( => current thread )
  0x00000206e139c180 JavaThread "Reference Handler" daemon [_thread_blocked, id=10676, stack(0x0000008976800000,0x0000008976900000)]
  0x00000206e139cd50 JavaThread "Finalizer" daemon [_thread_blocked, id=17912, stack(0x0000008976900000,0x0000008976a00000)]
  0x00000206e13b65a0 JavaThread "Signal Dispatcher" daemon [_thread_blocked, id=15996, stack(0x0000008976a00000,0x0000008976b00000)]
  0x00000206e13b7050 JavaThread "Attach Listener" daemon [_thread_blocked, id=24624, stack(0x0000008976b00000,0x0000008976c00000)]
  0x00000206e13b7b00 JavaThread "Service Thread" daemon [_thread_blocked, id=14568, stack(0x0000008976c00000,0x0000008976d00000)]
  0x00000206e13b8990 JavaThread "C2 CompilerThread0" daemon [_thread_blocked, id=25028, stack(0x0000008976d00000,0x0000008976e00000)]
  0x00000206e13cd210 JavaThread "C1 CompilerThread0" daemon [_thread_blocked, id=25260, stack(0x0000008976e00000,0x0000008976f00000)]
  0x00000206e13cdd00 JavaThread "Sweeper thread" daemon [_thread_blocked, id=23784, stack(0x0000008976f00000,0x0000008977000000)]
  0x00000206e21ee290 JavaThread "Notification Thread" daemon [_thread_blocked, id=13524, stack(0x0000008977300000,0x0000008977400000)]
  0x00000206e21fe520 JavaThread "Common-Cleaner" daemon [_thread_blocked, id=19272, stack(0x0000008977500000,0x0000008977600000)]
  0x00000206e3047040 JavaThread "Java2D Disposer" daemon [_thread_blocked, id=18652, stack(0x0000008978400000,0x0000008978500000)]
  0x00000206e3047510 JavaThread "AWT-Shutdown" [_thread_blocked, id=16032, stack(0x0000008978500000,0x0000008978600000)]
  0x00000206e30479e0 JavaThread "AWT-Windows" daemon [_thread_in_native, id=1424, stack(0x0000008978600000,0x0000008978700000)]
  0x00000206e32681e0 JavaThread "AWT-EventQueue-0" [_thread_blocked, id=13160, stack(0x0000008978800000,0x0000008978900000)]
  0x00000206e341e3a0 JavaThread "Swing-Shell" daemon [_thread_blocked, id=23044, stack(0x0000008978900000,0x0000008978a00000)]
  0x00000206b3f24e60 JavaThread "DestroyJavaVM" [_thread_blocked, id=10036, stack(0x0000008976100000,0x0000008976200000)]
  0x00000206e3b07400 JavaThread "Abandoned connection cleanup thread" daemon [_thread_blocked, id=21064, stack(0x0000008977800000,0x0000008977900000)]
  0x00000206e3ae82d0 JavaThread "TimerQueue" daemon [_thread_blocked, id=24968, stack(0x0000008978f00000,0x0000008979000000)]
  0x00000206e3ae9610 JavaThread "QuantumRenderer-0" daemon [_thread_blocked, id=25468, stack(0x0000008979200000,0x0000008979300000)]
  0x00000206e3ae6120 JavaThread "InvokeLaterDispatcher" daemon [_thread_blocked, id=10280, stack(0x0000008979600000,0x0000008979700000)]
=>0x00000206e3ae65f0 JavaThread "JavaFX Application Thread" [_thread_in_vm, id=10556, stack(0x0000008979700000,0x0000008979800000)]
  0x00000206e3ae87a0 JavaThread "Thread-2" daemon [_thread_in_native, id=16544, stack(0x0000008977600000,0x0000008977700000)]
  0x00000206e3ae6ac0 JavaThread "Image Fetcher 3" daemon [_thread_blocked, id=22240, stack(0x0000008979f00000,0x000000897a000000)]
  0x00000206ea7ae0a0 JavaThread "C2 CompilerThread1" daemon [_thread_blocked, id=15688, stack(0x0000008977000000,0x0000008977100000)]

Other Threads:
  0x00000206e1398cd0 VMThread "VM Thread" [stack: 0x0000008976700000,0x0000008976800000] [id=14212]
  0x00000206e21f6030 WatcherThread [stack: 0x0000008977400000,0x0000008977500000] [id=14428]
  0x00000206b3f9e7a0 GCTaskThread "GC Thread#0" [stack: 0x0000008976200000,0x0000008976300000] [id=22308]
  0x00000206e21e4b80 GCTaskThread "GC Thread#1" [stack: 0x0000008977900000,0x0000008977a00000] [id=25528]
  0x00000206e2c81190 GCTaskThread "GC Thread#2" [stack: 0x0000008977a00000,0x0000008977b00000] [id=1632]
  0x00000206e2c82180 GCTaskThread "GC Thread#3" [stack: 0x0000008977b00000,0x0000008977c00000] [id=4848]
  0x00000206e2c82e40 GCTaskThread "GC Thread#4" [stack: 0x0000008977c00000,0x0000008977d00000] [id=20192]
  0x00000206e2c83170 GCTaskThread "GC Thread#5" [stack: 0x0000008977d00000,0x0000008977e00000] [id=11132]
  0x00000206e2c834a0 GCTaskThread "GC Thread#6" [stack: 0x0000008977e00000,0x0000008977f00000] [id=20568]
  0x00000206e2c804d0 GCTaskThread "GC Thread#7" [stack: 0x0000008977f00000,0x0000008978000000] [id=21472]
  0x00000206e2c827e0 GCTaskThread "GC Thread#8" [stack: 0x0000008978000000,0x0000008978100000] [id=17460]
  0x00000206e2c81b20 GCTaskThread "GC Thread#9" [stack: 0x0000008978100000,0x0000008978200000] [id=17200]
  0x00000206e2c824b0 GCTaskThread "GC Thread#10" [stack: 0x0000008978200000,0x0000008978300000] [id=12564]
  0x00000206e2c814c0 GCTaskThread "GC Thread#11" [stack: 0x0000008978300000,0x0000008978400000] [id=17768]
  0x00000206b3faf830 ConcurrentGCThread "G1 Main Marker" [stack: 0x0000008976300000,0x0000008976400000] [id=22360]
  0x00000206b3fb14b0 ConcurrentGCThread "G1 Conc#0" [stack: 0x0000008976400000,0x0000008976500000] [id=22940]
  0x00000206e2c80800 ConcurrentGCThread "G1 Conc#1" [stack: 0x0000008977700000,0x0000008977800000] [id=25132]
  0x00000206e2c80b30 ConcurrentGCThread "G1 Conc#2" [stack: 0x0000008978e00000,0x0000008978f00000] [id=13768]
  0x00000206e128e980 ConcurrentGCThread "G1 Refine#0" [stack: 0x0000008976500000,0x0000008976600000] [id=11904]
  0x00000206e5bd3b30 ConcurrentGCThread "G1 Refine#1" [stack: 0x0000008979000000,0x0000008979100000] [id=25472]
  0x00000206e902c960 ConcurrentGCThread "G1 Refine#2" [stack: 0x0000008979c00000,0x0000008979d00000] [id=5984]
  0x00000206e12904a0 ConcurrentGCThread "G1 Young RemSet Sampling" [stack: 0x0000008976600000,0x0000008976700000] [id=10620]

Threads with active compile tasks:

VM state: not at safepoint (normal execution)

VM Mutex/Monitor currently owned by a thread: None

Heap address: 0x0000000604800000, size: 8120 MB, Compressed Oops mode: Zero based, Oop shift amount: 3
CDS archive(s) mapped at: [0x0000000800000000-0x0000000800b50000-0x0000000800b50000), size 11862016, SharedBaseAddress: 0x0000000800000000, ArchiveRelocationMode: 0.
Compressed class space mapped at: 0x0000000800b50000-0x0000000840b50000, size: 1073741824
Narrow klass base: 0x0000000800000000, Narrow klass shift: 3, Narrow klass range: 0x100000000

GC Precious Log:
 CPUs: 16 total, 16 available
 Memory: 32471M
 Large Page Support: Disabled
 NUMA Support: Disabled
 Compressed Oops: Enabled (Zero based)
 Heap Region Size: 4M
 Heap Min Capacity: 8M
 Heap Initial Capacity: 508M
 Heap Max Capacity: 8120M
 Pre-touch: Disabled
 Parallel Workers: 13
 Concurrent Workers: 3
 Concurrent Refinement Workers: 13
 Periodic GC: Disabled

Heap:
 garbage-first heap   total 217088K, used 109715K [0x0000000604800000, 0x0000000800000000)
  region size 4096K, 10 young (40960K), 5 survivors (20480K)
 Metaspace       used 45504K, capacity 45812K, committed 46384K, reserved 1089536K
  class space    used 6133K, capacity 6236K, committed 6272K, reserved 1048576K

Heap Regions: E=young(eden), S=young(survivor), O=old, HS=humongous(starts), HC=humongous(continues), CS=collection set, F=free, OA=open archive, CA=closed archive, TAMS=top-at-mark-start (previous, next)
|   0|0x0000000604800000, 0x0000000604c00000, 0x0000000604c00000|100%| O|  |TAMS 0x0000000604c00000, 0x0000000604800000| Untracked 
|   1|0x0000000604c00000, 0x0000000605000000, 0x0000000605000000|100%| O|  |TAMS 0x0000000605000000, 0x0000000604c00000| Untracked 
|   2|0x0000000605000000, 0x0000000605400000, 0x0000000605400000|100%| O|  |TAMS 0x0000000605400000, 0x0000000605000000| Untracked 
|   3|0x0000000605400000, 0x0000000605800000, 0x0000000605800000|100%| O|  |TAMS 0x0000000605800000, 0x0000000605400000| Untracked 
|   4|0x0000000605800000, 0x0000000605c00000, 0x0000000605c00000|100%| O|  |TAMS 0x0000000605c00000, 0x0000000605800000| Untracked 
|   5|0x0000000605c00000, 0x0000000605deba00, 0x0000000606000000| 48%| O|  |TAMS 0x0000000605deba00, 0x0000000605c00000| Untracked 
|   6|0x0000000606000000, 0x0000000606400000, 0x0000000606400000|100%| O|  |TAMS 0x0000000606400000, 0x0000000606000000| Untracked 
|   7|0x0000000606400000, 0x0000000606800000, 0x0000000606800000|100%| O|  |TAMS 0x0000000606800000, 0x0000000606400000| Untracked 
|   8|0x0000000606800000, 0x0000000606c00000, 0x0000000606c00000|100%| O|  |TAMS 0x0000000606c00000, 0x0000000606800000| Untracked 
|   9|0x0000000606c00000, 0x0000000607000000, 0x0000000607000000|100%|HS|  |TAMS 0x0000000606c00000, 0x0000000606c00000| Complete 
|  10|0x0000000607000000, 0x0000000607400000, 0x0000000607400000|100%|HC|  |TAMS 0x0000000607000000, 0x0000000607000000| Complete 
|  11|0x0000000607400000, 0x00000006077e7800, 0x0000000607800000| 97%| O|  |TAMS 0x00000006077e7800, 0x0000000607400000| Untracked 
|  12|0x0000000607800000, 0x0000000607c00000, 0x0000000607c00000|100%|HS|  |TAMS 0x0000000607800000, 0x0000000607800000| Complete 
|  13|0x0000000607c00000, 0x0000000608000000, 0x0000000608000000|100%|HC|  |TAMS 0x0000000607c00000, 0x0000000607c00000| Complete 
|  14|0x0000000608000000, 0x0000000608400000, 0x0000000608400000|100%|HC|  |TAMS 0x0000000608000000, 0x0000000608000000| Complete 
|  15|0x0000000608400000, 0x0000000608400000, 0x0000000608800000|  0%| F|  |TAMS 0x0000000608400000, 0x0000000608400000| Untracked 
|  16|0x0000000608800000, 0x0000000608800000, 0x0000000608c00000|  0%| F|  |TAMS 0x0000000608800000, 0x0000000608800000| Untracked 
|  17|0x0000000608c00000, 0x0000000608c00000, 0x0000000609000000|  0%| F|  |TAMS 0x0000000608c00000, 0x0000000608c00000| Untracked 
|  18|0x0000000609000000, 0x0000000609000000, 0x0000000609400000|  0%| F|  |TAMS 0x0000000609000000, 0x0000000609000000| Untracked 
|  19|0x0000000609400000, 0x0000000609400000, 0x0000000609800000|  0%| F|  |TAMS 0x0000000609400000, 0x0000000609400000| Untracked 
|  20|0x0000000609800000, 0x0000000609800000, 0x0000000609c00000|  0%| F|  |TAMS 0x0000000609800000, 0x0000000609800000| Untracked 
|  21|0x0000000609c00000, 0x0000000609c00000, 0x000000060a000000|  0%| F|  |TAMS 0x0000000609c00000, 0x0000000609c00000| Untracked 
|  22|0x000000060a000000, 0x000000060a000000, 0x000000060a400000|  0%| F|  |TAMS 0x000000060a000000, 0x000000060a000000| Untracked 
|  23|0x000000060a400000, 0x000000060a400000, 0x000000060a800000|  0%| F|  |TAMS 0x000000060a400000, 0x000000060a400000| Untracked 
|  24|0x000000060a800000, 0x000000060a800000, 0x000000060ac00000|  0%| F|  |TAMS 0x000000060a800000, 0x000000060a800000| Untracked 
|  25|0x000000060ac00000, 0x000000060ac00000, 0x000000060b000000|  0%| F|  |TAMS 0x000000060ac00000, 0x000000060ac00000| Untracked 
|  26|0x000000060b000000, 0x000000060b000000, 0x000000060b400000|  0%| F|  |TAMS 0x000000060b000000, 0x000000060b000000| Untracked 
|  27|0x000000060b400000, 0x000000060b400000, 0x000000060b800000|  0%| F|  |TAMS 0x000000060b400000, 0x000000060b400000| Untracked 
|  28|0x000000060b800000, 0x000000060b800000, 0x000000060bc00000|  0%| F|  |TAMS 0x000000060b800000, 0x000000060b800000| Untracked 
|  29|0x000000060bc00000, 0x000000060bc00000, 0x000000060c000000|  0%| F|  |TAMS 0x000000060bc00000, 0x000000060bc00000| Untracked 
|  30|0x000000060c000000, 0x000000060c000000, 0x000000060c400000|  0%| F|  |TAMS 0x000000060c000000, 0x000000060c000000| Untracked 
|  31|0x000000060c400000, 0x000000060c400000, 0x000000060c800000|  0%| F|  |TAMS 0x000000060c400000, 0x000000060c400000| Untracked 
|  32|0x000000060c800000, 0x000000060c800000, 0x000000060cc00000|  0%| F|  |TAMS 0x000000060c800000, 0x000000060c800000| Untracked 
|  33|0x000000060cc00000, 0x000000060cc00000, 0x000000060d000000|  0%| F|  |TAMS 0x000000060cc00000, 0x000000060cc00000| Untracked 
|  34|0x000000060d000000, 0x000000060d000000, 0x000000060d400000|  0%| F|  |TAMS 0x000000060d000000, 0x000000060d000000| Untracked 
|  35|0x000000060d400000, 0x000000060d400000, 0x000000060d800000|  0%| F|  |TAMS 0x000000060d400000, 0x000000060d400000| Untracked 
|  36|0x000000060d800000, 0x000000060d800000, 0x000000060dc00000|  0%| F|  |TAMS 0x000000060d800000, 0x000000060d800000| Untracked 
|  37|0x000000060dc00000, 0x000000060dc00000, 0x000000060e000000|  0%| F|  |TAMS 0x000000060dc00000, 0x000000060dc00000| Untracked 
|  38|0x000000060e000000, 0x000000060e000000, 0x000000060e400000|  0%| F|  |TAMS 0x000000060e000000, 0x000000060e000000| Untracked 
|  39|0x000000060e400000, 0x000000060e4546e0, 0x000000060e800000|  8%| E|  |TAMS 0x000000060e400000, 0x000000060e400000| Complete 
|  40|0x000000060e800000, 0x000000060ec00000, 0x000000060ec00000|100%| E|CS|TAMS 0x000000060e800000, 0x000000060e800000| Complete 
|  41|0x000000060ec00000, 0x000000060f000000, 0x000000060f000000|100%| S|CS|TAMS 0x000000060ec00000, 0x000000060ec00000| Complete 
|  42|0x000000060f000000, 0x000000060f400000, 0x000000060f400000|100%| S|CS|TAMS 0x000000060f000000, 0x000000060f000000| Complete 
|  43|0x000000060f400000, 0x000000060f800000, 0x000000060f800000|100%| S|CS|TAMS 0x000000060f400000, 0x000000060f400000| Complete 
|  44|0x000000060f800000, 0x000000060fc00000, 0x000000060fc00000|100%| S|CS|TAMS 0x000000060f800000, 0x000000060f800000| Complete 
|  45|0x000000060fc00000, 0x0000000610000000, 0x0000000610000000|100%| S|CS|TAMS 0x000000060fc00000, 0x000000060fc00000| Complete 
|  73|0x0000000616c00000, 0x0000000617000000, 0x0000000617000000|100%| E|CS|TAMS 0x0000000616c00000, 0x0000000616c00000| Complete 
|  74|0x0000000617000000, 0x0000000617400000, 0x0000000617400000|100%| E|CS|TAMS 0x0000000617000000, 0x0000000617000000| Complete 
| 126|0x0000000624000000, 0x0000000624400000, 0x0000000624400000|100%| E|CS|TAMS 0x0000000624000000, 0x0000000624000000| Complete 
|2026|0x00000007ff000000, 0x00000007ff151a00, 0x00000007ff400000| 32%| O|  |TAMS 0x00000007ff000000, 0x00000007ff000000| Untracked 
|2027|0x00000007ff400000, 0x00000007ff800000, 0x00000007ff800000|100%| O|  |TAMS 0x00000007ff400000, 0x00000007ff400000| Untracked 
|2028|0x00000007ff800000, 0x00000007ffc00000, 0x00000007ffc00000|100%| O|  |TAMS 0x00000007ff800000, 0x00000007ff800000| Untracked 
|2029|0x00000007ffc00000, 0x0000000800000000, 0x0000000800000000|100%| O|  |TAMS 0x00000007ffc00000, 0x00000007ffc00000| Untracked 

Card table byte_map: [0x00000206cc9a0000,0x00000206cd980000] _byte_map_base: 0x00000206c997c000

Marking Bits (Prev, Next): (CMBitMap*) 0x00000206b3f9f010, (CMBitMap*) 0x00000206b3f9f050
 Prev Bits: [0x00000206ce960000, 0x00000206d6840000)
 Next Bits: [0x00000206d6840000, 0x00000206de720000)

Polling page: 0x00000206b1eb0000

Metaspace:

Usage:
  Non-class:     38.65 MB capacity,    38.45 MB (>99%) used,   157.10 KB ( <1%) free+waste,    48.81 KB ( <1%) overhead. 
      Class:      6.09 MB capacity,     5.99 MB ( 98%) used,    83.80 KB (  1%) free+waste,    18.25 KB ( <1%) overhead. 
       Both:     44.74 MB capacity,    44.44 MB (>99%) used,   240.91 KB ( <1%) free+waste,    67.06 KB ( <1%) overhead. 

Virtual space:
  Non-class space:       40.00 MB reserved,      39.17 MB ( 98%) committed 
      Class space:        1.00 GB reserved,       6.12 MB ( <1%) committed 
             Both:        1.04 GB reserved,      45.30 MB (  4%) committed 

Chunk freelists:
   Non-Class:  344.00 KB
       Class:  4.00 KB
        Both:  348.00 KB

MaxMetaspaceSize: 17179869184.00 GB
CompressedClassSpaceSize: 1.00 GB

CodeHeap 'non-profiled nmethods': size=119168Kb used=3588Kb max_used=3588Kb free=115579Kb
 bounds [0x00000206c3ce0000, 0x00000206c4070000, 0x00000206cb140000]
CodeHeap 'profiled nmethods': size=119104Kb used=10987Kb max_used=11854Kb free=108116Kb
 bounds [0x00000206bc890000, 0x00000206bd440000, 0x00000206c3ce0000]
CodeHeap 'non-nmethods': size=7488Kb used=1514Kb max_used=3214Kb free=5973Kb
 bounds [0x00000206bc140000, 0x00000206bc470000, 0x00000206bc890000]
 total_blobs=5991 nmethods=5132 adapters=767
 compilation: enabled
              stopped_count=0, restarted_count=0
 full_count=0

Compilation events (20 events):
Event: 17.824 Thread 0x00000206e13cd210 nmethod 5964 0x00000206bcaa0f90 code [0x00000206bcaa11e0, 0x00000206bcaa1f78]
Event: 17.824 Thread 0x00000206e13cd210 5965   !   3       javax.swing.RepaintManager::addDirtyRegion0 (205 bytes)
Event: 17.825 Thread 0x00000206e13cd210 nmethod 5965 0x00000206bcd50910 code [0x00000206bcd50c20, 0x00000206bcd52658]
Event: 17.825 Thread 0x00000206e13cd210 5968   !   3       sun.java2d.SunGraphics2D::clone (114 bytes)
Event: 17.826 Thread 0x00000206e13cd210 nmethod 5968 0x00000206bcef6510 code [0x00000206bcef6760, 0x00000206bcef7328]
Event: 17.826 Thread 0x00000206e13cd210 5967       3       sun.java2d.SunGraphics2D::setFont (105 bytes)
Event: 17.826 Thread 0x00000206e13cd210 nmethod 5967 0x00000206bcce3510 code [0x00000206bcce3700, 0x00000206bcce3fd8]
Event: 17.826 Thread 0x00000206e13cd210 5969       1       java.awt.Dialog::lambda$show$1 (2 bytes)
Event: 17.826 Thread 0x00000206e13cd210 nmethod 5969 0x00000206c4059290 code [0x00000206c4059420, 0x00000206c40594b8]
Event: 17.826 Thread 0x00000206e13cd210 5970       1       javax.swing.RepaintManager::isDoubleBufferingEnabled (5 bytes)
Event: 17.826 Thread 0x00000206e13cd210 nmethod 5970 0x00000206c4059590 code [0x00000206c4059720, 0x00000206c40597d8]
Event: 17.827 Thread 0x00000206ea7ae0a0 5971 %     4       sun.java2d.marlin.DRenderer::_endRendering @ 1649 (2480 bytes)
Event: 17.827 Thread 0x00000206e13cd210 5972       3       sun.awt.image.PixelConverter$Xrgb::rgbToPixel (2 bytes)
Event: 17.827 Thread 0x00000206e13cd210 nmethod 5972 0x00000206bcd99790 code [0x00000206bcd99920, 0x00000206bcd99a18]
Event: 17.829 Thread 0x00000206e13cd210 5973       1       sun.awt.geom.Edge::getCurve (5 bytes)
Event: 17.829 Thread 0x00000206e13cd210 nmethod 5973 0x00000206c4059890 code [0x00000206c4059a20, 0x00000206c4059ad8]
Event: 17.829 Thread 0x00000206e13cd210 5974       3       java.awt.geom.Path2D$Float::needRoom (72 bytes)
Event: 17.830 Thread 0x00000206e13cd210 nmethod 5974 0x00000206bca2d190 code [0x00000206bca2d360, 0x00000206bca2d728]
Event: 17.830 Thread 0x00000206e13cd210 5975       3       jdk.internal.loader.BootLoader::getNativeLibraries (4 bytes)
Event: 17.831 Thread 0x00000206e13cd210 nmethod 5975 0x00000206bcf35490 code [0x00000206bcf35620, 0x00000206bcf35718]

GC Heap History (16 events):
Event: 0.261 GC heap before
{Heap before GC invocations=0 (full 0):
 garbage-first heap   total 520192K, used 20480K [0x0000000604800000, 0x0000000800000000)
  region size 4096K, 6 young (24576K), 0 survivors (0K)
 Metaspace       used 564K, capacity 4480K, committed 4480K, reserved 1056768K
  class space    used 17K, capacity 384K, committed 384K, reserved 1048576K
}
Event: 0.267 GC heap after
{Heap after GC invocations=1 (full 0):
 garbage-first heap   total 520192K, used 14969K [0x0000000604800000, 0x0000000800000000)
  region size 4096K, 1 young (4096K), 1 survivors (4096K)
 Metaspace       used 564K, capacity 4480K, committed 4480K, reserved 1056768K
  class space    used 17K, capacity 384K, committed 384K, reserved 1048576K
}
Event: 1.070 GC heap before
{Heap before GC invocations=1 (full 0):
 garbage-first heap   total 520192K, used 31353K [0x0000000604800000, 0x0000000800000000)
  region size 4096K, 6 young (24576K), 1 survivors (4096K)
 Metaspace       used 14011K, capacity 14164K, committed 14464K, reserved 1062912K
  class space    used 1571K, capacity 1648K, committed 1664K, reserved 1048576K
}
Event: 1.076 GC heap after
{Heap after GC invocations=2 (full 0):
 garbage-first heap   total 520192K, used 22441K [0x0000000604800000, 0x0000000800000000)
  region size 4096K, 1 young (4096K), 1 survivors (4096K)
 Metaspace       used 14011K, capacity 14164K, committed 14464K, reserved 1062912K
  class space    used 1571K, capacity 1648K, committed 1664K, reserved 1048576K
}
Event: 1.500 GC heap before
{Heap before GC invocations=2 (full 0):
 garbage-first heap   total 520192K, used 42921K [0x0000000604800000, 0x0000000800000000)
  region size 4096K, 7 young (28672K), 1 survivors (4096K)
 Metaspace       used 17030K, capacity 17282K, committed 17536K, reserved 1064960K
  class space    used 1828K, capacity 1905K, committed 1920K, reserved 1048576K
}
Event: 1.505 GC heap after
{Heap after GC invocations=3 (full 0):
 garbage-first heap   total 520192K, used 25000K [0x0000000604800000, 0x0000000800000000)
  region size 4096K, 1 young (4096K), 1 survivors (4096K)
 Metaspace       used 17030K, capacity 17282K, committed 17536K, reserved 1064960K
  class space    used 1828K, capacity 1905K, committed 1920K, reserved 1048576K
}
Event: 1.904 GC heap before
{Heap before GC invocations=3 (full 0):
 garbage-first heap   total 520192K, used 37288K [0x0000000604800000, 0x0000000800000000)
  region size 4096K, 5 young (20480K), 1 survivors (4096K)
 Metaspace       used 20801K, capacity 20963K, committed 21296K, reserved 1069056K
  class space    used 2288K, capacity 2362K, committed 2432K, reserved 1048576K
}
Event: 1.907 GC heap after
{Heap after GC invocations=4 (full 0):
 garbage-first heap   total 520192K, used 25731K [0x0000000604800000, 0x0000000800000000)
  region size 4096K, 1 young (4096K), 1 survivors (4096K)
 Metaspace       used 20801K, capacity 20963K, committed 21296K, reserved 1069056K
  class space    used 2288K, capacity 2362K, committed 2432K, reserved 1048576K
}
Event: 6.347 GC heap before
{Heap before GC invocations=5 (full 0):
 garbage-first heap   total 110592K, used 87171K [0x0000000604800000, 0x0000000800000000)
  region size 4096K, 16 young (65536K), 1 survivors (4096K)
 Metaspace       used 30752K, capacity 31066K, committed 31536K, reserved 1077248K
  class space    used 3573K, capacity 3690K, committed 3712K, reserved 1048576K
}
Event: 6.360 GC heap after
{Heap after GC invocations=6 (full 0):
 garbage-first heap   total 110592K, used 38255K [0x0000000604800000, 0x0000000800000000)
  region size 4096K, 2 young (8192K), 2 survivors (8192K)
 Metaspace       used 30752K, capacity 31066K, committed 31536K, reserved 1077248K
  class space    used 3573K, capacity 3690K, committed 3712K, reserved 1048576K
}
Event: 8.652 GC heap before
{Heap before GC invocations=6 (full 0):
 garbage-first heap   total 110592K, used 62831K [0x0000000604800000, 0x0000000800000000)
  region size 4096K, 9 young (36864K), 2 survivors (8192K)
 Metaspace       used 34622K, capacity 34905K, committed 35376K, reserved 1081344K
  class space    used 4273K, capacity 4395K, committed 4480K, reserved 1048576K
}
Event: 8.668 GC heap after
{Heap after GC invocations=7 (full 0):
 garbage-first heap   total 315392K, used 44731K [0x0000000604800000, 0x0000000800000000)
  region size 4096K, 2 young (8192K), 2 survivors (8192K)
 Metaspace       used 34622K, capacity 34905K, committed 35376K, reserved 1081344K
  class space    used 4273K, capacity 4395K, committed 4480K, reserved 1048576K
}
Event: 9.231 GC heap before
{Heap before GC invocations=7 (full 0):
 garbage-first heap   total 315392K, used 48827K [0x0000000604800000, 0x0000000800000000)
  region size 4096K, 4 young (16384K), 2 survivors (8192K)
 Metaspace       used 34984K, capacity 35289K, committed 35888K, reserved 1081344K
  class space    used 4352K, capacity 4459K, committed 4480K, reserved 1048576K
}
Event: 9.240 GC heap after
{Heap after GC invocations=8 (full 0):
 garbage-first heap   total 315392K, used 45041K [0x0000000604800000, 0x0000000800000000)
  region size 4096K, 2 young (8192K), 2 survivors (8192K)
 Metaspace       used 34984K, capacity 35289K, committed 35888K, reserved 1081344K
  class space    used 4352K, capacity 4459K, committed 4480K, reserved 1048576K
}
Event: 12.254 GC heap before
{Heap before GC invocations=9 (full 0):
 garbage-first heap   total 180224K, used 176113K [0x0000000604800000, 0x0000000800000000)
  region size 4096K, 31 young (126976K), 2 survivors (8192K)
 Metaspace       used 42849K, capacity 43211K, committed 43824K, reserved 1087488K
  class space    used 5814K, capacity 5945K, committed 6016K, reserved 1048576K
}
Event: 12.271 GC heap after
{Heap after GC invocations=10 (full 0):
 garbage-first heap   total 217088K, used 85139K [0x0000000604800000, 0x0000000800000000)
  region size 4096K, 5 young (20480K), 5 survivors (20480K)
 Metaspace       used 42849K, capacity 43211K, committed 43824K, reserved 1087488K
  class space    used 5814K, capacity 5945K, committed 6016K, reserved 1048576K
}

Deoptimization events (20 events):
Event: 17.787 Thread 0x00000206e32681e0 DEOPT PACKING pc=0x00000206c3fe01cc sp=0x00000089788fb890
Event: 17.787 Thread 0x00000206e32681e0 DEOPT UNPACKING pc=0x00000206bc18e42f sp=0x00000089788fb800 mode 2
Event: 17.797 Thread 0x00000206e32681e0 DEOPT PACKING pc=0x00000206bcd9a874 sp=0x00000089788fb4e0
Event: 17.797 Thread 0x00000206e32681e0 DEOPT UNPACKING pc=0x00000206bc18e23f sp=0x00000089788fa928 mode 0
Event: 17.812 Thread 0x00000206e32681e0 Uncommon trap: trap_request=0xffffff45 fr.pc=0x00000206c3eef92c relative=0x00000000000001ec
Event: 17.812 Thread 0x00000206e32681e0 Uncommon trap: reason=unstable_if action=reinterpret pc=0x00000206c3eef92c method=javax.swing.plaf.metal.MetalLookAndFeel$FontActiveValue.createValue(Ljavax/swing/UIDefaults;)Ljava/lang/Object; @ 6 c2
Event: 17.812 Thread 0x00000206e32681e0 DEOPT PACKING pc=0x00000206c3eef92c sp=0x00000089788fcac0
Event: 17.812 Thread 0x00000206e32681e0 DEOPT UNPACKING pc=0x00000206bc18e42f sp=0x00000089788fca48 mode 2
Event: 17.812 Thread 0x00000206e32681e0 Uncommon trap: trap_request=0xffffff45 fr.pc=0x00000206c3ef01f0 relative=0x00000000000000d0
Event: 17.812 Thread 0x00000206e32681e0 Uncommon trap: reason=unstable_if action=reinterpret pc=0x00000206c3ef01f0 method=javax.swing.plaf.metal.DefaultMetalTheme$FontDelegate.getFont(I)Ljavax/swing/plaf/FontUIResource; @ 12 c2
Event: 17.812 Thread 0x00000206e32681e0 DEOPT PACKING pc=0x00000206c3ef01f0 sp=0x00000089788fc990
Event: 17.812 Thread 0x00000206e32681e0 DEOPT UNPACKING pc=0x00000206bc18e42f sp=0x00000089788fc910 mode 2
Event: 17.813 Thread 0x00000206e32681e0 Uncommon trap: trap_request=0xffffff45 fr.pc=0x00000206c3e76b58 relative=0x0000000000001ad8
Event: 17.813 Thread 0x00000206e32681e0 Uncommon trap: reason=unstable_if action=reinterpret pc=0x00000206c3e76b58 method=javax.swing.plaf.basic.BasicHTML.isHTMLString(Ljava/lang/String;)Z @ 1 c2
Event: 17.813 Thread 0x00000206e32681e0 DEOPT PACKING pc=0x00000206c3e76b58 sp=0x00000089788fcbe0
Event: 17.813 Thread 0x00000206e32681e0 DEOPT UNPACKING pc=0x00000206bc18e42f sp=0x00000089788fcb50 mode 2
Event: 17.823 Thread 0x00000206e32681e0 DEOPT PACKING pc=0x00000206bcd051f4 sp=0x00000089788fb700
Event: 17.823 Thread 0x00000206e32681e0 DEOPT UNPACKING pc=0x00000206bc18e23f sp=0x00000089788faae0 mode 0
Event: 17.830 Thread 0x00000206e32681e0 DEOPT PACKING pc=0x00000206bcd9a874 sp=0x00000089788fbbd0
Event: 17.830 Thread 0x00000206e32681e0 DEOPT UNPACKING pc=0x00000206bc18e23f sp=0x00000089788fb018 mode 0

Classes unloaded (0 events):
No events

Classes redefined (0 events):
No events

Internal exceptions (20 events):
Event: 10.694 Thread 0x00000206e3ae5c50 Exception <a 'java/lang/NoSuchMethodError'{0x000000060db69c60}: 'int java.lang.invoke.DirectMethodHandle$Holder.invokeStaticInit(java.lang.Object, java.lang.Object, java.lang.Object)'> (0x000000060db69c60) 
thrown [./open/src/hotspot/share/interpreter/linkResolver.cpp, line 782]
Event: 10.705 Thread 0x00000206e3ae5c50 Exception <a 'java/lang/NoSuchMethodError'{0x000000060d4fb660}: 'java.lang.Object java.lang.invoke.DirectMethodHandle$Holder.newInvokeSpecial(java.lang.Object, java.lang.Object, int, java.lang.Object)'> (0x000000060d4fb660) 
thrown [./open/src/hotspot/share/interpreter/linkResolver.cpp, line 782]
Event: 10.705 Thread 0x00000206e3ae5c50 Exception <a 'java/lang/NoSuchMethodError'{0x000000060d4ff8a0}: 'java.lang.Object java.lang.invoke.DirectMethodHandle$Holder.invokeSpecial(java.lang.Object, java.lang.Object, java.lang.Object, int, java.lang.Object)'> (0x000000060d4ff8a0) 
thrown [./open/src/hotspot/share/interpreter/linkResolver.cpp, line 782]
Event: 10.752 Thread 0x00000206e3ae65f0 Implicit null exception at 0x00000206c3da8174 to 0x00000206c3da8510
Event: 11.037 Thread 0x00000206e32681e0 Exception <a 'java/lang/NoSuchMethodError'{0x000000060d3716d0}: 'java.lang.Object java.lang.invoke.DirectMethodHandle$Holder.invokeStaticInit(java.lang.Object, java.lang.Object, java.lang.Object, java.lang.Object)'> (0x000000060d3716d0) 
thrown [./open/src/hotspot/share/interpreter/linkResolver.cpp, line 782]
Event: 11.408 Thread 0x00000206e3ae8c70 Implicit null exception at 0x00000206c3fb68ad to 0x00000206c3fb7a28
Event: 11.833 Thread 0x00000206e32681e0 Implicit null exception at 0x00000206c3d5e48d to 0x00000206c3d5e910
Event: 12.444 Thread 0x00000206e32681e0 Implicit null exception at 0x00000206c3ddabea to 0x00000206c3ddbc9a
Event: 12.444 Thread 0x00000206e32681e0 Implicit null exception at 0x00000206c3feb2f2 to 0x00000206c3fec05c
Event: 12.445 Thread 0x00000206e32681e0 Implicit null exception at 0x00000206c400eb52 to 0x00000206c4013c08
Event: 12.445 Thread 0x00000206e32681e0 Implicit null exception at 0x00000206c3f1804f to 0x00000206c3f1a0f0
Event: 12.467 Thread 0x00000206e32681e0 Implicit null exception at 0x00000206c3e2e24b to 0x00000206c3e2f274
Event: 12.467 Thread 0x00000206e32681e0 Implicit null exception at 0x00000206c3f03481 to 0x00000206c3f039b8
Event: 15.738 Thread 0x00000206e32681e0 Implicit null exception at 0x00000206c3dbd58d to 0x00000206c3dbe69c
Event: 15.875 Thread 0x00000206e32681e0 Exception <a 'java/lang/NoSuchMethodError'{0x0000000616d8e238}: 'int java.lang.invoke.DirectMethodHandle$Holder.invokeStatic(java.lang.Object)'> (0x0000000616d8e238) 
thrown [./open/src/hotspot/share/interpreter/linkResolver.cpp, line 782]
Event: 17.771 Thread 0x00000206e3ae65f0 Exception <a 'java/lang/NullPointerException'{0x000000060e98e540}> (0x000000060e98e540) 
thrown [./open/src/hotspot/share/interpreter/linkResolver.cpp, line 1374]
Event: 17.779 Thread 0x00000206e3ae65f0 Exception <a 'java/lang/NoSuchMethodError'{0x000000060e9d6130}: 'void java.lang.invoke.DirectMethodHandle$Holder.invokeSpecial(java.lang.Object, java.lang.Object, java.lang.Object, java.lang.Object, java.lang.Object)'> (0x000000060e9d6130) 
thrown [./open/src/hotspot/share/interpreter/linkResolver.cpp, line 782]
Event: 17.797 Thread 0x00000206e3ae65f0 Exception <a 'java/lang/NoSuchMethodError'{0x000000060ead82c0}: 'int java.lang.invoke.DirectMethodHandle$Holder.invokeSpecial(java.lang.Object, java.lang.Object, java.lang.Object, java.lang.Object)'> (0x000000060ead82c0) 
thrown [./open/src/hotspot/share/interpreter/linkResolver.cpp, line 782]
Event: 17.813 Thread 0x00000206e32681e0 Implicit null exception at 0x00000206c3e750bf to 0x00000206c3e76b38
Event: 17.838 Thread 0x00000206e3ae65f0 Exception <a 'java/lang/NoSuchMethodError'{0x000000060e450950}: fwkIsMainThread> (0x000000060e450950) 
thrown [./open/src/hotspot/share/prims/jni.cpp, line 1171]

Events (20 events):
Event: 17.828 loading class sun/awt/geom/Order1
Event: 17.828 loading class sun/awt/geom/Order1 done
Event: 17.828 loading class sun/awt/geom/AreaOp$NZWindOp
Event: 17.828 loading class sun/awt/geom/AreaOp
Event: 17.828 loading class sun/awt/geom/AreaOp done
Event: 17.828 loading class sun/awt/geom/AreaOp$NZWindOp done
Event: 17.828 loading class sun/awt/geom/AreaOp$1
Event: 17.829 loading class sun/awt/geom/AreaOp$1 done
Event: 17.829 loading class sun/awt/geom/CurveLink
Event: 17.829 loading class sun/awt/geom/CurveLink done
Event: 17.829 loading class sun/awt/geom/ChainEnd
Event: 17.829 loading class sun/awt/geom/ChainEnd done
Event: 17.829 loading class sun/awt/geom/Edge
Event: 17.829 loading class sun/awt/geom/Edge done
Event: 17.829 loading class java/awt/geom/Path2D$Double$CopyIterator
Event: 17.829 loading class java/awt/geom/Path2D$Double$CopyIterator done
Event: 17.829 loading class sun/awt/geom/AreaOp$IntOp
Event: 17.829 loading class sun/awt/geom/AreaOp$CAGOp
Event: 17.829 loading class sun/awt/geom/AreaOp$CAGOp done
Event: 17.829 loading class sun/awt/geom/AreaOp$IntOp done


Dynamic libraries:
0x00007ff788630000 - 0x00007ff78863f000 	C:\Program Files\Java\jdk-15.0.2\bin\java.exe
0x00007ff9c6010000 - 0x00007ff9c6226000 	C:\Windows\SYSTEM32\ntdll.dll
0x00007ff9c4c30000 - 0x00007ff9c4cf4000 	C:\Windows\System32\KERNEL32.DLL
0x00007ff9c3600000 - 0x00007ff9c39a6000 	C:\Windows\System32\KERNELBASE.dll
0x00007ff9c3c40000 - 0x00007ff9c3d51000 	C:\Windows\System32\ucrtbase.dll
0x00007ff9b0ff0000 - 0x00007ff9b1009000 	C:\Program Files\Java\jdk-15.0.2\bin\VCRUNTIME140.dll
0x00007ff9b1030000 - 0x00007ff9b1048000 	C:\Program Files\Java\jdk-15.0.2\bin\jli.dll
0x00007ff9c5240000 - 0x00007ff9c52f2000 	C:\Windows\System32\ADVAPI32.dll
0x00007ff9c5f20000 - 0x00007ff9c5fc7000 	C:\Windows\System32\msvcrt.dll
0x00007ff9c4b80000 - 0x00007ff9c4c28000 	C:\Windows\System32\sechost.dll
0x00007ff9c3b50000 - 0x00007ff9c3b78000 	C:\Windows\System32\bcrypt.dll
0x00007ff9c50c0000 - 0x00007ff9c51d5000 	C:\Windows\System32\RPCRT4.dll
0x00007ff9c5300000 - 0x00007ff9c54ad000 	C:\Windows\System32\USER32.dll
0x00007ff9c39b0000 - 0x00007ff9c39d6000 	C:\Windows\System32\win32u.dll
0x00007ff9c5e90000 - 0x00007ff9c5eb9000 	C:\Windows\System32\GDI32.dll
0x00007ff9c34e0000 - 0x00007ff9c35f8000 	C:\Windows\System32\gdi32full.dll
0x00007ff9b74f0000 - 0x00007ff9b7783000 	C:\Windows\WinSxS\amd64_microsoft.windows.common-controls_6595b64144ccf1df_6.0.22621.3235_none_270f74e173860f98\COMCTL32.dll
0x00007ff9c3350000 - 0x00007ff9c33ea000 	C:\Windows\System32\msvcp_win.dll
0x00007ff9b8f90000 - 0x00007ff9b8f9a000 	C:\Windows\SYSTEM32\VERSION.dll
0x00007ff9c3d60000 - 0x00007ff9c3d91000 	C:\Windows\System32\IMM32.DLL
0x00007ff9b1a70000 - 0x00007ff9b1a7c000 	C:\Program Files\Java\jdk-15.0.2\bin\vcruntime140_1.dll
0x00007ff994bf0000 - 0x00007ff994c81000 	C:\Program Files\Java\jdk-15.0.2\bin\msvcp140.dll
0x00007ff950830000 - 0x00007ff95138e000 	C:\Program Files\Java\jdk-15.0.2\bin\server\jvm.dll
0x00007ff9c5750000 - 0x00007ff9c5758000 	C:\Windows\System32\PSAPI.DLL
0x00007ff9b8fb0000 - 0x00007ff9b8fe4000 	C:\Windows\SYSTEM32\WINMM.dll
0x00007ff9be070000 - 0x00007ff9be079000 	C:\Windows\SYSTEM32\WSOCK32.dll
0x00007ff9c46b0000 - 0x00007ff9c4721000 	C:\Windows\System32\WS2_32.dll
0x00007ff9c2480000 - 0x00007ff9c2498000 	C:\Windows\SYSTEM32\kernel.appcore.dll
0x00007ff9b0fe0000 - 0x00007ff9b0fea000 	C:\Program Files\Java\jdk-15.0.2\bin\jimage.dll
0x00007ff9c0c40000 - 0x00007ff9c0e73000 	C:\Windows\SYSTEM32\DBGHELP.DLL
0x00007ff9c4d10000 - 0x00007ff9c5098000 	C:\Windows\System32\combase.dll
0x00007ff9c57c0000 - 0x00007ff9c5897000 	C:\Windows\System32\OLEAUT32.dll
0x00007ff996880000 - 0x00007ff9968b2000 	C:\Windows\SYSTEM32\dbgcore.DLL
0x00007ff9c33f0000 - 0x00007ff9c346a000 	C:\Windows\System32\bcryptPrimitives.dll
0x00007ff9a76a0000 - 0x00007ff9a76c5000 	C:\Program Files\Java\jdk-15.0.2\bin\java.dll
0x00007ff9c3da0000 - 0x00007ff9c45fd000 	C:\Windows\System32\SHELL32.dll
0x00007ff9c1270000 - 0x00007ff9c1b68000 	C:\Windows\SYSTEM32\windows.storage.dll
0x00007ff9c1130000 - 0x00007ff9c126e000 	C:\Windows\SYSTEM32\wintypes.dll
0x00007ff9c49a0000 - 0x00007ff9c4a93000 	C:\Windows\System32\SHCORE.dll
0x00007ff9c51e0000 - 0x00007ff9c523e000 	C:\Windows\System32\shlwapi.dll
0x00007ff9c3280000 - 0x00007ff9c32a6000 	C:\Windows\SYSTEM32\profapi.dll
0x00007ff9acaf0000 - 0x00007ff9acb09000 	C:\Program Files\Java\jdk-15.0.2\bin\net.dll
0x00007ff9bacf0000 - 0x00007ff9bae27000 	C:\Windows\SYSTEM32\WINHTTP.dll
0x00007ff9c2900000 - 0x00007ff9c2969000 	C:\Windows\system32\mswsock.dll
0x00007ff99f5f0000 - 0x00007ff99f602000 	C:\Program Files\Java\jdk-15.0.2\bin\nio.dll
0x00007ff99f5d0000 - 0x00007ff99f5e8000 	C:\Program Files\Java\jdk-15.0.2\bin\zip.dll
0x00007ff9834f0000 - 0x00007ff983670000 	C:\Program Files\Java\jdk-15.0.2\bin\awt.dll
0x00007ff9c00b0000 - 0x00007ff9c0147000 	C:\Windows\SYSTEM32\apphelp.dll
0x00007ff9c01b0000 - 0x00007ff9c025b000 	C:\Windows\system32\uxtheme.dll
0x00007ff980710000 - 0x00007ff980849000 	C:\ProgramData\A-Volute\A-Volute.Nahimic\Modules\Scheduled\x64\AudioDevProps2.dll
0x00007ff9c54b0000 - 0x00007ff9c564f000 	C:\Windows\System32\ole32.dll
0x00007ff9c5d30000 - 0x00007ff9c5e84000 	C:\Windows\System32\MSCTF.dll
0x00007ff9c04e0000 - 0x00007ff9c050b000 	C:\Windows\system32\DWMAPI.DLL
0x00007ff99bc70000 - 0x00007ff99bd23000 	C:\Windows\WinSxS\amd64_microsoft.windows.common-controls_6595b64144ccf1df_5.82.22621.2506_none_b43bab19638c9595\comctl32.dll
0x00007ff983400000 - 0x00007ff983485000 	C:\Program Files\Java\jdk-15.0.2\bin\freetype.dll
0x00007ff983270000 - 0x00007ff983319000 	C:\Program Files\Java\jdk-15.0.2\bin\fontmanager.dll
0x00007ff9734d0000 - 0x00007ff9735d0000 	C:\Windows\system32\opengl32.dll
0x00007ff99f5a0000 - 0x00007ff99f5cd000 	C:\Windows\SYSTEM32\GLU32.dll
0x00007ff9c0370000 - 0x00007ff9c03a9000 	C:\Windows\SYSTEM32\dxcore.dll
0x00007ff9c48f0000 - 0x00007ff9c49a0000 	C:\Windows\System32\clbcatq.dll
0x00007ff9bb860000 - 0x00007ff9bb961000 	C:\Windows\SYSTEM32\PROPSYS.dll
0x00007ff9c3010000 - 0x00007ff9c305e000 	C:\Windows\SYSTEM32\CFGMGR32.dll
0x00007ff97f260000 - 0x00007ff97f27a000 	C:\Windows\system32\NetworkExplorer.dll
0x00007ff9b27e0000 - 0x00007ff9b2915000 	C:\Windows\System32\Windows.System.Launcher.dll
0x00007ff9be470000 - 0x00007ff9be503000 	C:\Windows\System32\msvcp110_win.dll
0x00007ff9b7d10000 - 0x00007ff9b7d2a000 	C:\Windows\SYSTEM32\windows.staterepositorycore.dll
0x00007ff9b7000000 - 0x00007ff9b701e000 	C:\Windows\SYSTEM32\MPR.dll
0x00007ff9a4050000 - 0x00007ff9a4079000 	C:\Windows\System32\p9np.dll
0x00007ff9a4040000 - 0x00007ff9a404c000 	C:\Windows\System32\drprov.dll
0x00007ff9a4020000 - 0x00007ff9a4039000 	C:\Windows\System32\ntlanman.dll
0x00007ff9a3fc0000 - 0x00007ff9a3fdf000 	C:\Windows\System32\davclnt.dll
0x00007ff9c1de0000 - 0x00007ff9c1e46000 	C:\Windows\System32\WINSTA.dll
0x00007ff9b90f0000 - 0x00007ff9b910a000 	C:\Windows\System32\wkscli.dll
0x00007ff9964d0000 - 0x00007ff9964e2000 	C:\Windows\SYSTEM32\cscapi.dll
0x00007ff9c1dd0000 - 0x00007ff9c1ddc000 	C:\Windows\System32\netutils.dll
0x00007ff98bcd0000 - 0x00007ff98bddd000 	C:\Program Files\Norton Security\Engine\22.23.10.10\buShell.dll
0x00007ff99c080000 - 0x00007ff99c23a000 	C:\Windows\WinSxS\amd64_microsoft.windows.gdiplus_6595b64144ccf1df_1.1.22621.3085_none_57ff6980ce140777\gdiplus.dll
0x00007ff995e50000 - 0x00007ff995e6f000 	C:\Program Files\Norton Security\Engine\22.23.10.10\ccVrTrst.dll
0x00007ff9968c0000 - 0x00007ff9969ae000 	C:\Program Files\Norton Security\Engine\22.23.10.10\ccLib.dll
0x00007ff995dd0000 - 0x00007ff995e44000 	C:\Program Files\Norton Security\Engine\22.23.10.10\EFACli64.dll
0x00007ff9c29f0000 - 0x00007ff9c2a1c000 	C:\Windows\SYSTEM32\USERENV.dll
0x00007ff995d80000 - 0x00007ff995dc1000 	C:\Program Files\Norton Security\Engine\22.23.10.10\ccIPC.dll
0x00007ff95c2c0000 - 0x00007ff95c35d000 	C:\Program Files\Norton Security\Engine\22.23.10.10\buComm.dll
0x00007ff9a0560000 - 0x00007ff9a05ce000 	C:\Program Files\Norton Security\Engine\22.23.10.10\ccSet.dll
0x00007ff98bed0000 - 0x00007ff98bf27000 	C:\Windows\System32\dlnashext.dll
0x00007ff9a3bb0000 - 0x00007ff9a3c19000 	C:\Windows\System32\PlayToDevice.dll
0x00007ff996530000 - 0x00007ff996551000 	C:\Windows\System32\DevDispItemProvider.dll
0x00007ff9b2c70000 - 0x00007ff9b2d0d000 	C:\Windows\System32\MMDevApi.dll
0x00007ff9c3060000 - 0x00007ff9c308c000 	C:\Windows\System32\DEVOBJ.dll
0x00007ff9a09a0000 - 0x00007ff9a0b8c000 	C:\Windows\SYSTEM32\AudioSes.dll
0x00007ff98bc60000 - 0x00007ff98bcc7000 	C:\ProgramData\A-Volute\A-Volute.Nahimic\Modules\Scheduled\x64\ProductInfo.dll
0x00007ff96fcf0000 - 0x00007ff96fd33000 	C:\ProgramData\A-Volute\A-Volute.Nahimic\Modules\Scheduled\x64\ASM.Plugin.AudioDevProps2.dll
0x00007ff96e840000 - 0x00007ff96e8e3000 	C:\Windows\system32\wpdshext.dll
0x00007ff97ac70000 - 0x00007ff97ad0e000 	C:\Windows\System32\PortableDeviceApi.dll
0x00007ff9c58b0000 - 0x00007ff9c5d24000 	C:\Windows\System32\SETUPAPI.dll
0x00007ff9c3470000 - 0x00007ff9c34db000 	C:\Windows\System32\WINTRUST.dll
0x00007ff9c39e0000 - 0x00007ff9c3b46000 	C:\Windows\System32\CRYPT32.dll
0x00007ff9c2ff0000 - 0x00007ff9c3002000 	C:\Windows\SYSTEM32\MSASN1.dll
0x00007ff99a770000 - 0x00007ff99a7a7000 	C:\Windows\System32\EhStorShell.dll
0x00007ff9b1c30000 - 0x00007ff9b1c54000 	C:\Windows\System32\EhStorAPI.dll
0x00007ff9c2230000 - 0x00007ff9c2244000 	C:\Windows\System32\WTSAPI32.dll
0x00007ff97f1e0000 - 0x00007ff97f1ed000 	C:\Windows\SYSTEM32\LINKINFO.dll
0x00007ff97be80000 - 0x00007ff97bf21000 	C:\Windows\System32\netshell.dll
0x00007ff9a02f0000 - 0x00007ff9a0319000 	C:\Windows\System32\NetSetupApi.dll
0x00007ff9c1e90000 - 0x00007ff9c1ebd000 	C:\Windows\System32\IPHLPAPI.DLL
0x00007ff9a3ba0000 - 0x00007ff9a3bb0000 	C:\Program Files\Java\jdk-15.0.2\bin\verify.dll
0x00007ff9be320000 - 0x00007ff9be32d000 	C:\Program Files\Java\jdk-15.0.2\bin\sunmscapi.dll
0x00007ff9c2cf0000 - 0x00007ff9c2d1e000 	C:\Windows\SYSTEM32\ncrypt.dll
0x00007ff9c2cb0000 - 0x00007ff9c2ce7000 	C:\Windows\SYSTEM32\NTASN1.dll
0x00007ff9c1ec0000 - 0x00007ff9c1fb9000 	C:\Windows\SYSTEM32\DNSAPI.dll
0x00000206e68b0000 - 0x00000206e68b9000 	C:\Windows\System32\NSI.dll
0x00007ff9b4dc0000 - 0x00007ff9b4dca000 	C:\Windows\System32\rasadhlp.dll
0x00007ff9b8010000 - 0x00007ff9b8093000 	C:\Windows\System32\fwpuclnt.dll
0x00007ff9be6e0000 - 0x00007ff9be890000 	C:\Windows\SYSTEM32\WindowsCodecs.dll
0x00007ff99dc80000 - 0x00007ff99dcde000 	C:\Windows\system32\dataexchange.dll
0x00007ff9b8970000 - 0x00007ff9b8bff000 	C:\Windows\system32\twinapi.appcore.dll
0x00000206e72c0000 - 0x00000206e72c3000 	C:\Program Files\Java\jdk-15.0.2\bin\api-ms-win-core-console-l1-1-0.dll
0x00000206e72d0000 - 0x00000206e72d3000 	C:\Program Files\Java\jdk-15.0.2\bin\api-ms-win-core-datetime-l1-1-0.dll
0x00000206e72e0000 - 0x00000206e72e3000 	C:\Program Files\Java\jdk-15.0.2\bin\api-ms-win-core-debug-l1-1-0.dll
0x00000206e72f0000 - 0x00000206e72f3000 	C:\Program Files\Java\jdk-15.0.2\bin\api-ms-win-core-errorhandling-l1-1-0.dll
0x00000206e7300000 - 0x00000206e7304000 	C:\Program Files\Java\jdk-15.0.2\bin\api-ms-win-core-file-l1-1-0.dll
0x00000206e7310000 - 0x00000206e7313000 	C:\Program Files\Java\jdk-15.0.2\bin\api-ms-win-core-file-l1-2-0.dll
0x00000206e7320000 - 0x00000206e7323000 	C:\Program Files\Java\jdk-15.0.2\bin\api-ms-win-core-file-l2-1-0.dll
0x00000206e7330000 - 0x00000206e7333000 	C:\Program Files\Java\jdk-15.0.2\bin\api-ms-win-core-handle-l1-1-0.dll
0x00000206e7340000 - 0x00000206e7343000 	C:\Program Files\Java\jdk-15.0.2\bin\api-ms-win-core-heap-l1-1-0.dll
0x00000206e7350000 - 0x00000206e7353000 	C:\Program Files\Java\jdk-15.0.2\bin\api-ms-win-core-interlocked-l1-1-0.dll
0x00000206e7360000 - 0x00000206e7363000 	C:\Program Files\Java\jdk-15.0.2\bin\api-ms-win-core-libraryloader-l1-1-0.dll
0x00000206e7370000 - 0x00000206e7373000 	C:\Program Files\Java\jdk-15.0.2\bin\api-ms-win-core-localization-l1-2-0.dll

dbghelp: loaded successfully - version: 4.0.5 - missing functions: none
symbol engine: initialized successfully - sym options: 0x614 - pdb path: .;C:\Program Files\Java\jdk-15.0.2\bin;C:\Windows\SYSTEM32;C:\Windows\WinSxS\amd64_microsoft.windows.common-controls_6595b64144ccf1df_6.0.22621.3235_none_270f74e173860f98;C:\Program Files\Java\jdk-15.0.2\bin\server;C:\ProgramData\A-Volute\A-Volute.Nahimic\Modules\Scheduled\x64;C:\Windows\WinSxS\amd64_microsoft.windows.common-controls_6595b64144ccf1df_5.82.22621.2506_none_b43bab19638c9595;C:\Program Files\Norton Security\Engine\22.23.10.10;C:\Windows\WinSxS\amd64_microsoft.windows.gdiplus_6595b64144ccf1df_1.1.22621.3085_none_57ff6980ce140777;C:\Program Files\BellSoft\LibericaJDK-15-Full\bin;C:\Windows\System32\DriverStore\FileRepository\iigd_dch.inf_amd64_5b1252b3763da959

VM Arguments:
jvm_args: -Dfile.encoding=UTF-8 
java_command: simrskhanza.SIMRSKhanza
java_class_path (initial): D:\windiartonugroho\lib\commons-codec-1.10.jar;D:\windiartonugroho\lib\calendar-src.jar;D:\windiartonugroho\lib\calendar-doc.jar;D:\windiartonugroho\lib\calendar.jar;D:\windiartonugroho\lib\jcalendar-1.4.jar;D:\windiartonugroho\lib\ant-1.7.1.jar;D:\windiartonugroho\lib\apache-httpcomponents-httpclient.jar;D:\windiartonugroho\lib\appframework-1.0.3.jar;D:\windiartonugroho\lib\barbecue-1.5-beta1.jar;D:\windiartonugroho\lib\batik-dom.jar;D:\windiartonugroho\lib\groovy-all-2.4.7.jar;D:\windiartonugroho\lib\bcel-5.2.jar;D:\windiartonugroho\lib\bcprov-jdk15on-154.jar;D:\windiartonugroho\lib\poi-4.1.0.jar;D:\windiartonugroho\lib\beansbinding-1.2.1.jar;D:\windiartonugroho\lib\bsh-2.0b4.jar;D:\windiartonugroho\lib\com-jaspersoft-ireport.jar;D:\windiartonugroho\lib\com.fasterxml.jackson.core.jar;D:\windiartonugroho\lib\comm.jar;D:\windiartonugroho\lib\common-javaFX-plugin.jar;D:\windiartonugroho\lib\commons-javaflow-20060411.jar;D:\windiartonugroho\lib\commons-logging-1.2.jar;D:\windiartonugroho\lib\fluent-hc-4.5.1.jar;D:\windiartonugroho\lib\fontbox-2.0.13.jar;D:\windiartonugroho\lib\gson-2.2.2.jar;D:\windiartonugroho\lib\hibernate3.jar;D:\windiartonugroho\lib\hsqldb-1.8.0-10.jar;D:\windiartonugroho\lib\httpclient-4.5.1.jar;D:\windiartonugroho\lib\httpclient-cache-4.5.1.jar;D:\windiartonugroho\lib\httpclient-win-4.5.1.jar;D:\windiartonugroho\lib\httpcore-4.4.3.jar;D:\windiartonugroho\lib\httpmime-4.5.1.jar;D:\windiartonugroho\lib\iReport.jar;D:\windiartonugroho\lib\jackson-all-1.9.0.jar;D:\windiartonugroho\lib\java-json.jar;D:\windiartonugroho\lib\javaFX-jps-plugin.jar;D:\windiartonugroho\lib\javaFX.jar;D:\windiartonugroho\lib\jaxen-1.1.1.jar;D:\windiartonugroho\lib\jcommon-1.0.15.jar;D:\windiartonugroho\lib\jdt-compiler-3.1.1.jar;D:\windiartonugroho\lib\jfreechart-1.0.12.jar;D:\windiartonugroho\lib\jl1.0.jar;D:\windiartonugroho\lib\jna-4.1.0.jar;D:\windiartonugroho\lib\jna-platform-4.1.0.jar;D:\windiartonugroho\lib\jpa.jar;D:\windiartonugroho\li
Launcher Type: SUN_STANDARD

[Global flags]
     intx CICompilerCount                          = 12                                        {product} {ergonomic}
     uint ConcGCThreads                            = 3                                         {product} {ergonomic}
     uint G1ConcRefinementThreads                  = 13                                        {product} {ergonomic}
   size_t G1HeapRegionSize                         = 4194304                                   {product} {ergonomic}
    uintx GCDrainStackTargetSize                   = 64                                        {product} {ergonomic}
   size_t InitialHeapSize                          = 532676608                                 {product} {ergonomic}
   size_t MarkStackSize                            = 4194304                                   {product} {ergonomic}
   size_t MaxHeapSize                              = 8514437120                                {product} {ergonomic}
   size_t MaxNewSize                               = 5108662272                                {product} {ergonomic}
   size_t MinHeapDeltaBytes                        = 4194304                                   {product} {ergonomic}
   size_t MinHeapSize                              = 8388608                                   {product} {ergonomic}
    uintx NonNMethodCodeHeapSize                   = 7602480                                {pd product} {ergonomic}
    uintx NonProfiledCodeHeapSize                  = 122027880                              {pd product} {ergonomic}
    uintx ProfiledCodeHeapSize                     = 122027880                              {pd product} {ergonomic}
    uintx ReservedCodeCacheSize                    = 251658240                              {pd product} {ergonomic}
     bool SegmentedCodeCache                       = true                                      {product} {ergonomic}
   size_t SoftMaxHeapSize                          = 8514437120                             {manageable} {ergonomic}
     bool UseCompressedClassPointers               = true                                 {lp64_product} {ergonomic}
     bool UseCompressedOops                        = true                                 {lp64_product} {ergonomic}
     bool UseG1GC                                  = true                                      {product} {ergonomic}
     bool UseLargePagesIndividualAllocation        = false                                  {pd product} {ergonomic}

Logging:
Log output configuration:
 #0: stdout all=warning uptime,level,tags
 #1: stderr all=off uptime,level,tags

Environment Variables:
JAVA_HOME=C:\Program Files\BellSoft\LibericaJDK-15-Full\
PATH=C:\Program Files\BellSoft\LibericaJDK-15-Full\bin\;C:\Program Files\Common Files\Oracle\Java\javapath;C:\Windows\system32;C:\Windows;C:\Windows\System32\Wbem;C:\Windows\System32\WindowsPowerShell\v1.0\;C:\Windows\System32\OpenSSH\;C:\Program Files (x86)\NVIDIA Corporation\PhysX\Common;C:\Program Files\NVIDIA Corporation\NVIDIA NvDLISR;C:\Program Files\Git\cmd;C:\Program Files\PuTTY\;C:\Users\ryanh\AppData\Local\Microsoft\WindowsApps;C:\Users\ryanh\AppData\Local\Programs\Microsoft VS Code\bin
USERNAME=ryanh
OS=Windows_NT
PROCESSOR_IDENTIFIER=Intel64 Family 6 Model 186 Stepping 2, GenuineIntel



---------------  S Y S T E M  ---------------

OS:
 Windows 10 , 64 bit Build 22621 (10.0.22621.3235)
OS uptime: 0 days 12:26 hours
HyperV virtualization detected

CPU: total 16 (initial active 16) (8 cores per cpu, 2 threads per core) family 6 model 186 stepping 2 microcode 0x410e, cmov, cx8, fxsr, mmx, sse, sse2, sse3, ssse3, sse4.1, sse4.2, popcnt, vzeroupper, avx, avx2, aes, clmul, erms, 3dnowpref, lzcnt, ht, tsc, tscinvbit, bmi1, bmi2, adx, sha, fma, clflush, clflushopt, clwb

Memory: 4k page, system-wide physical 32471M (14610M free)
TotalPageFile size 34519M (AvailPageFile size 14128M)
current process WorkingSet (physical memory assigned to process): 470M, peak: 514M
current process commit charge ("private bytes"): 536M, peak: 675M

vm_info: Java HotSpot(TM) 64-Bit Server VM (15.0.2+7-27) for windows-amd64 JRE (15.0.2+7-27), built on Dec  7 2020 20:07:01 by "mach5one" with unknown MS VC++:1925

END.
